<?xml version="1.0" encoding="UTF-8"?>
<coverage generated="1535730864650" clover="3.2.0">
  <project timestamp="1535730864650" name="All files">
    <metrics statements="230" coveredstatements="127" conditionals="420" coveredconditionals="218" methods="104" coveredmethods="34" elements="754" coveredelements="379" complexity="0" loc="230" ncloc="230" packages="6" files="11" classes="11">
      <package name="src">
        <metrics statements="20" coveredstatements="18" conditionals="56" coveredconditionals="27" methods="6" coveredmethods="6"/>
        <file name="app.controller.ts" path="/Users/derickhoganpimenta/Dropbox/Workspace/espm/espm-empregabilidade/src/app.controller.ts">
          <metrics statements="12" coveredstatements="11" conditionals="34" coveredconditionals="20" methods="4" coveredmethods="4"/>
          <line num="1" count="1" type="cond" truecount="2" falsecount="1"/>
          <line num="2" count="2" type="cond" truecount="3" falsecount="1"/>
          <line num="3" count="2" type="cond" truecount="3" falsecount="1"/>
          <line num="4" count="0" type="cond" truecount="0" falsecount="8"/>
          <line num="5" count="2" type="cond" truecount="3" falsecount="0"/>
          <line num="7" count="1" type="cond" truecount="2" falsecount="1"/>
          <line num="8" count="4" type="cond" truecount="3" falsecount="1"/>
          <line num="13" count="1" type="stmt"/>
          <line num="15" count="1" type="stmt"/>
          <line num="18" count="1" type="stmt"/>
          <line num="21" count="1" type="stmt"/>
          <line num="27" count="1" type="stmt"/>
        </file>
        <file name="app.service.ts" path="/Users/derickhoganpimenta/Dropbox/Workspace/espm/espm-empregabilidade/src/app.service.ts">
          <metrics statements="8" coveredstatements="7" conditionals="22" coveredconditionals="7" methods="2" coveredmethods="2"/>
          <line num="1" count="1" type="cond" truecount="2" falsecount="1"/>
          <line num="2" count="1" type="cond" truecount="1" falsecount="3"/>
          <line num="3" count="1" type="cond" truecount="3" falsecount="1"/>
          <line num="4" count="0" type="cond" truecount="0" falsecount="8"/>
          <line num="5" count="1" type="cond" truecount="1" falsecount="2"/>
          <line num="8" count="1" type="stmt"/>
          <line num="10" count="1" type="stmt"/>
          <line num="13" count="1" type="stmt"/>
        </file>
      </package>
      <package name="src.candidates">
        <metrics statements="85" coveredstatements="39" conditionals="141" coveredconditionals="75" methods="42" coveredmethods="11"/>
        <file name="candidate.entity.ts" path="/Users/derickhoganpimenta/Dropbox/Workspace/espm/espm-empregabilidade/src/candidates/candidate.entity.ts">
          <metrics statements="14" coveredstatements="12" conditionals="34" coveredconditionals="19" methods="4" coveredmethods="2"/>
          <line num="1" count="2" type="cond" truecount="2" falsecount="1"/>
          <line num="2" count="10" type="cond" truecount="3" falsecount="1"/>
          <line num="3" count="10" type="cond" truecount="3" falsecount="1"/>
          <line num="4" count="0" type="cond" truecount="0" falsecount="8"/>
          <line num="5" count="10" type="cond" truecount="2" falsecount="1"/>
          <line num="7" count="2" type="cond" truecount="2" falsecount="1"/>
          <line num="8" count="8" type="cond" truecount="3" falsecount="1"/>
          <line num="14" count="2" type="stmt"/>
          <line num="16" count="2" type="stmt"/>
          <line num="17" count="0" type="stmt"/>
          <line num="20" count="2" type="stmt"/>
          <line num="24" count="2" type="stmt"/>
          <line num="28" count="2" type="stmt"/>
          <line num="32" count="2" type="stmt"/>
        </file>
        <file name="candidates.controller.ts" path="/Users/derickhoganpimenta/Dropbox/Workspace/espm/espm-empregabilidade/src/candidates/candidates.controller.ts">
          <metrics statements="30" coveredstatements="16" conditionals="66" coveredconditionals="40" methods="19" coveredmethods="5"/>
          <line num="1" count="1" type="cond" truecount="2" falsecount="1"/>
          <line num="2" count="5" type="cond" truecount="3" falsecount="1"/>
          <line num="3" count="5" type="cond" truecount="3" falsecount="1"/>
          <line num="4" count="0" type="cond" truecount="0" falsecount="8"/>
          <line num="5" count="5" type="cond" truecount="3" falsecount="0"/>
          <line num="7" count="1" type="cond" truecount="2" falsecount="1"/>
          <line num="8" count="13" type="cond" truecount="3" falsecount="1"/>
          <line num="10" count="1" type="cond" truecount="2" falsecount="1"/>
          <line num="11" count="3" type="stmt"/>
          <line num="13" count="1" type="cond" truecount="2" falsecount="1"/>
          <line num="14" count="0" type="cond" truecount="0" falsecount="2"/>
          <line num="15" count="0" type="stmt"/>
          <line num="16" count="0" type="stmt"/>
          <line num="17" count="0" type="cond" truecount="0" falsecount="2"/>
          <line num="18" count="0" type="cond" truecount="0" falsecount="2"/>
          <line num="24" count="1" type="stmt"/>
          <line num="26" count="1" type="stmt"/>
          <line num="29" count="0" type="stmt"/>
          <line num="30" count="0" type="stmt"/>
          <line num="34" count="0" type="stmt"/>
          <line num="35" count="0" type="stmt"/>
          <line num="39" count="0" type="stmt"/>
          <line num="40" count="0" type="stmt"/>
          <line num="44" count="0" type="stmt"/>
          <line num="45" count="0" type="stmt"/>
          <line num="49" count="1" type="stmt"/>
          <line num="55" count="1" type="stmt"/>
          <line num="62" count="1" type="stmt"/>
          <line num="69" count="1" type="stmt"/>
          <line num="76" count="1" type="stmt"/>
        </file>
        <file name="candidates.service.ts" path="/Users/derickhoganpimenta/Dropbox/Workspace/espm/espm-empregabilidade/src/candidates/candidates.service.ts">
          <metrics statements="41" coveredstatements="11" conditionals="41" coveredconditionals="16" methods="19" coveredmethods="4"/>
          <line num="1" count="1" type="cond" truecount="2" falsecount="1"/>
          <line num="2" count="1" type="cond" truecount="1" falsecount="3"/>
          <line num="3" count="1" type="cond" truecount="3" falsecount="1"/>
          <line num="4" count="0" type="cond" truecount="0" falsecount="8"/>
          <line num="5" count="1" type="cond" truecount="1" falsecount="2"/>
          <line num="7" count="1" type="cond" truecount="2" falsecount="1"/>
          <line num="8" count="1" type="cond" truecount="3" falsecount="1"/>
          <line num="10" count="1" type="cond" truecount="2" falsecount="1"/>
          <line num="11" count="1" type="stmt"/>
          <line num="13" count="1" type="cond" truecount="2" falsecount="1"/>
          <line num="14" count="0" type="cond" truecount="0" falsecount="2"/>
          <line num="15" count="0" type="stmt"/>
          <line num="16" count="0" type="stmt"/>
          <line num="17" count="0" type="cond" truecount="0" falsecount="2"/>
          <line num="18" count="0" type="cond" truecount="0" falsecount="2"/>
          <line num="24" count="1" type="stmt"/>
          <line num="26" count="0" type="stmt"/>
          <line num="29" count="0" type="stmt"/>
          <line num="30" count="0" type="stmt"/>
          <line num="34" count="0" type="stmt"/>
          <line num="35" count="0" type="stmt"/>
          <line num="39" count="0" type="stmt"/>
          <line num="40" count="0" type="stmt"/>
          <line num="51" count="0" type="stmt"/>
          <line num="52" count="0" type="stmt"/>
          <line num="53" count="0" type="stmt"/>
          <line num="54" count="0" type="stmt"/>
          <line num="57" count="0" type="stmt"/>
          <line num="61" count="0" type="stmt"/>
          <line num="62" count="0" type="stmt"/>
          <line num="75" count="0" type="stmt"/>
          <line num="76" count="0" type="stmt"/>
          <line num="77" count="0" type="stmt"/>
          <line num="78" count="0" type="stmt"/>
          <line num="81" count="0" type="stmt"/>
          <line num="82" count="0" type="stmt"/>
          <line num="83" count="0" type="stmt"/>
          <line num="84" count="0" type="stmt"/>
          <line num="85" count="0" type="stmt"/>
          <line num="86" count="0" type="stmt"/>
          <line num="90" count="1" type="stmt"/>
        </file>
      </package>
      <package name="src.candidates_occupations">
        <metrics statements="13" coveredstatements="10" conditionals="29" coveredconditionals="15" methods="4" coveredmethods="2"/>
        <file name="candidate_occupation.entity.ts" path="/Users/derickhoganpimenta/Dropbox/Workspace/espm/espm-empregabilidade/src/candidates_occupations/candidate_occupation.entity.ts">
          <metrics statements="13" coveredstatements="10" conditionals="29" coveredconditionals="15" methods="4" coveredmethods="2"/>
          <line num="1" count="2" type="cond" truecount="2" falsecount="1"/>
          <line num="2" count="6" type="cond" truecount="3" falsecount="1"/>
          <line num="3" count="6" type="cond" truecount="3" falsecount="1"/>
          <line num="4" count="0" type="cond" truecount="0" falsecount="8"/>
          <line num="5" count="6" type="cond" truecount="2" falsecount="1"/>
          <line num="7" count="2" type="cond" truecount="2" falsecount="1"/>
          <line num="8" count="4" type="cond" truecount="3" falsecount="1"/>
          <line num="13" count="2" type="stmt"/>
          <line num="15" count="2" type="stmt"/>
          <line num="16" count="0" type="stmt"/>
          <line num="20" count="2" type="stmt"/>
          <line num="21" count="0" type="stmt"/>
          <line num="25" count="2" type="stmt"/>
        </file>
      </package>
      <package name="src.occupations">
        <metrics statements="14" coveredstatements="11" conditionals="29" coveredconditionals="15" methods="6" coveredmethods="2"/>
        <file name="occupation.entity.ts" path="/Users/derickhoganpimenta/Dropbox/Workspace/espm/espm-empregabilidade/src/occupations/occupation.entity.ts">
          <metrics statements="14" coveredstatements="11" conditionals="29" coveredconditionals="15" methods="6" coveredmethods="2"/>
          <line num="1" count="2" type="cond" truecount="2" falsecount="1"/>
          <line num="2" count="8" type="cond" truecount="3" falsecount="1"/>
          <line num="3" count="8" type="cond" truecount="3" falsecount="1"/>
          <line num="4" count="0" type="cond" truecount="0" falsecount="8"/>
          <line num="5" count="8" type="cond" truecount="2" falsecount="1"/>
          <line num="7" count="2" type="cond" truecount="2" falsecount="1"/>
          <line num="8" count="6" type="cond" truecount="3" falsecount="1"/>
          <line num="15" count="2" type="stmt"/>
          <line num="17" count="2" type="stmt"/>
          <line num="18" count="0" type="stmt"/>
          <line num="21" count="2" type="stmt"/>
          <line num="22" count="0" type="stmt"/>
          <line num="25" count="2" type="stmt"/>
          <line num="29" count="2" type="stmt"/>
        </file>
      </package>
      <package name="src.public_tenders">
        <metrics statements="85" coveredstatements="39" conditionals="136" coveredconditionals="71" methods="42" coveredmethods="11"/>
        <file name="public_tender.entity.ts" path="/Users/derickhoganpimenta/Dropbox/Workspace/espm/espm-empregabilidade/src/public_tenders/public_tender.entity.ts">
          <metrics statements="14" coveredstatements="12" conditionals="29" coveredconditionals="15" methods="4" coveredmethods="2"/>
          <line num="1" count="2" type="cond" truecount="2" falsecount="1"/>
          <line num="2" count="10" type="cond" truecount="3" falsecount="1"/>
          <line num="3" count="10" type="cond" truecount="3" falsecount="1"/>
          <line num="4" count="0" type="cond" truecount="0" falsecount="8"/>
          <line num="5" count="10" type="cond" truecount="2" falsecount="1"/>
          <line num="7" count="2" type="cond" truecount="2" falsecount="1"/>
          <line num="8" count="8" type="cond" truecount="3" falsecount="1"/>
          <line num="13" count="2" type="stmt"/>
          <line num="15" count="2" type="stmt"/>
          <line num="16" count="0" type="stmt"/>
          <line num="19" count="2" type="stmt"/>
          <line num="23" count="2" type="stmt"/>
          <line num="27" count="2" type="stmt"/>
          <line num="31" count="2" type="stmt"/>
        </file>
        <file name="public_tenders.controller.ts" path="/Users/derickhoganpimenta/Dropbox/Workspace/espm/espm-empregabilidade/src/public_tenders/public_tenders.controller.ts">
          <metrics statements="30" coveredstatements="16" conditionals="66" coveredconditionals="40" methods="19" coveredmethods="5"/>
          <line num="1" count="1" type="cond" truecount="2" falsecount="1"/>
          <line num="2" count="5" type="cond" truecount="3" falsecount="1"/>
          <line num="3" count="5" type="cond" truecount="3" falsecount="1"/>
          <line num="4" count="0" type="cond" truecount="0" falsecount="8"/>
          <line num="5" count="5" type="cond" truecount="3" falsecount="0"/>
          <line num="7" count="1" type="cond" truecount="2" falsecount="1"/>
          <line num="8" count="13" type="cond" truecount="3" falsecount="1"/>
          <line num="10" count="1" type="cond" truecount="2" falsecount="1"/>
          <line num="11" count="3" type="stmt"/>
          <line num="13" count="1" type="cond" truecount="2" falsecount="1"/>
          <line num="14" count="0" type="cond" truecount="0" falsecount="2"/>
          <line num="15" count="0" type="stmt"/>
          <line num="16" count="0" type="stmt"/>
          <line num="17" count="0" type="cond" truecount="0" falsecount="2"/>
          <line num="18" count="0" type="cond" truecount="0" falsecount="2"/>
          <line num="24" count="1" type="stmt"/>
          <line num="26" count="1" type="stmt"/>
          <line num="29" count="0" type="stmt"/>
          <line num="30" count="0" type="stmt"/>
          <line num="34" count="0" type="stmt"/>
          <line num="35" count="0" type="stmt"/>
          <line num="39" count="0" type="stmt"/>
          <line num="40" count="0" type="stmt"/>
          <line num="44" count="0" type="stmt"/>
          <line num="45" count="0" type="stmt"/>
          <line num="49" count="1" type="stmt"/>
          <line num="55" count="1" type="stmt"/>
          <line num="62" count="1" type="stmt"/>
          <line num="69" count="1" type="stmt"/>
          <line num="76" count="1" type="stmt"/>
        </file>
        <file name="public_tenders.service.ts" path="/Users/derickhoganpimenta/Dropbox/Workspace/espm/espm-empregabilidade/src/public_tenders/public_tenders.service.ts">
          <metrics statements="41" coveredstatements="11" conditionals="41" coveredconditionals="16" methods="19" coveredmethods="4"/>
          <line num="1" count="1" type="cond" truecount="2" falsecount="1"/>
          <line num="2" count="1" type="cond" truecount="1" falsecount="3"/>
          <line num="3" count="1" type="cond" truecount="3" falsecount="1"/>
          <line num="4" count="0" type="cond" truecount="0" falsecount="8"/>
          <line num="5" count="1" type="cond" truecount="1" falsecount="2"/>
          <line num="7" count="1" type="cond" truecount="2" falsecount="1"/>
          <line num="8" count="1" type="cond" truecount="3" falsecount="1"/>
          <line num="10" count="1" type="cond" truecount="2" falsecount="1"/>
          <line num="11" count="1" type="stmt"/>
          <line num="13" count="1" type="cond" truecount="2" falsecount="1"/>
          <line num="14" count="0" type="cond" truecount="0" falsecount="2"/>
          <line num="15" count="0" type="stmt"/>
          <line num="16" count="0" type="stmt"/>
          <line num="17" count="0" type="cond" truecount="0" falsecount="2"/>
          <line num="18" count="0" type="cond" truecount="0" falsecount="2"/>
          <line num="24" count="1" type="stmt"/>
          <line num="26" count="0" type="stmt"/>
          <line num="29" count="0" type="stmt"/>
          <line num="30" count="0" type="stmt"/>
          <line num="34" count="0" type="stmt"/>
          <line num="35" count="0" type="stmt"/>
          <line num="39" count="0" type="stmt"/>
          <line num="40" count="0" type="stmt"/>
          <line num="51" count="0" type="stmt"/>
          <line num="52" count="0" type="stmt"/>
          <line num="53" count="0" type="stmt"/>
          <line num="54" count="0" type="stmt"/>
          <line num="57" count="0" type="stmt"/>
          <line num="61" count="0" type="stmt"/>
          <line num="62" count="0" type="stmt"/>
          <line num="73" count="0" type="stmt"/>
          <line num="74" count="0" type="stmt"/>
          <line num="75" count="0" type="stmt"/>
          <line num="76" count="0" type="stmt"/>
          <line num="79" count="0" type="stmt"/>
          <line num="80" count="0" type="stmt"/>
          <line num="81" count="0" type="stmt"/>
          <line num="82" count="0" type="stmt"/>
          <line num="83" count="0" type="stmt"/>
          <line num="84" count="0" type="stmt"/>
          <line num="88" count="1" type="stmt"/>
        </file>
      </package>
      <package name="src.public_tenders_occupations">
        <metrics statements="13" coveredstatements="10" conditionals="29" coveredconditionals="15" methods="4" coveredmethods="2"/>
        <file name="public_tender_occupation.entity.ts" path="/Users/derickhoganpimenta/Dropbox/Workspace/espm/espm-empregabilidade/src/public_tenders_occupations/public_tender_occupation.entity.ts">
          <metrics statements="13" coveredstatements="10" conditionals="29" coveredconditionals="15" methods="4" coveredmethods="2"/>
          <line num="1" count="2" type="cond" truecount="2" falsecount="1"/>
          <line num="2" count="6" type="cond" truecount="3" falsecount="1"/>
          <line num="3" count="6" type="cond" truecount="3" falsecount="1"/>
          <line num="4" count="0" type="cond" truecount="0" falsecount="8"/>
          <line num="5" count="6" type="cond" truecount="2" falsecount="1"/>
          <line num="7" count="2" type="cond" truecount="2" falsecount="1"/>
          <line num="8" count="4" type="cond" truecount="3" falsecount="1"/>
          <line num="13" count="2" type="stmt"/>
          <line num="15" count="2" type="stmt"/>
          <line num="16" count="0" type="stmt"/>
          <line num="20" count="2" type="stmt"/>
          <line num="21" count="0" type="stmt"/>
          <line num="25" count="2" type="stmt"/>
        </file>
      </package>
    </metrics>
  </project>
</coverage>
