{"/Users/derickhoganpimenta/Dropbox/Workspace/espm/espm-empregabilidade/src/app.controller.ts": {"path":"/Users/derickhoganpimenta/Dropbox/Workspace/espm/espm-empregabilidade/src/app.controller.ts","statementMap":{"0":{"start":{"line":1,"column":17},"end":{"line":6,"column":1}},"1":{"start":{"line":2,"column":12},"end":{"line":2,"column":28}},"2":{"start":{"line":2,"column":34},"end":{"line":2,"column":125}},"3":{"start":{"line":3,"column":4},"end":{"line":4,"column":150}},"4":{"start":{"line":3,"column":79},"end":{"line":3,"column":131}},"5":{"start":{"line":4,"column":9},"end":{"line":4,"column":150}},"6":{"start":{"line":4,"column":58},"end":{"line":4,"column":150}},"7":{"start":{"line":4,"column":81},"end":{"line":4,"column":150}},"8":{"start":{"line":5,"column":4},"end":{"line":5,"column":66}},"9":{"start":{"line":7,"column":17},"end":{"line":9,"column":1}},"10":{"start":{"line":8,"column":4},"end":{"line":8,"column":109}},"11":{"start":{"line":8,"column":79},"end":{"line":8,"column":109}},"12":{"start":{"line":13,"column":20},"end":{"line":20,"column":1}},"13":{"start":{"line":15,"column":8},"end":{"line":15,"column":37}},"14":{"start":{"line":18,"column":8},"end":{"line":18,"column":38}},"15":{"start":{"line":21,"column":0},"end":{"line":26,"column":42}},"16":{"start":{"line":27,"column":0},"end":{"line":30,"column":18}}},"fnMap":{"0":{"name":"(anonymous_0)","decl":{"start":{"line":1,"column":46},"end":{"line":1,"column":47}},"loc":{"start":{"line":1,"column":87},"end":{"line":6,"column":1}},"line":1},"1":{"name":"(anonymous_1)","decl":{"start":{"line":7,"column":46},"end":{"line":7,"column":47}},"loc":{"start":{"line":7,"column":62},"end":{"line":9,"column":1}},"line":7},"2":{"name":"(anonymous_2)","decl":{"start":{"line":14,"column":4},"end":{"line":14,"column":5}},"loc":{"start":{"line":14,"column":28},"end":{"line":16,"column":5}},"line":14},"3":{"name":"(anonymous_3)","decl":{"start":{"line":17,"column":4},"end":{"line":17,"column":5}},"loc":{"start":{"line":17,"column":11},"end":{"line":19,"column":5}},"line":17}},"branchMap":{"0":{"loc":{"start":{"line":1,"column":17},"end":{"line":6,"column":1}},"type":"binary-expr","locations":[{"start":{"line":1,"column":18},"end":{"line":1,"column":22}},{"start":{"line":1,"column":26},"end":{"line":1,"column":41}},{"start":{"line":1,"column":46},"end":{"line":6,"column":1}}],"line":1},"1":{"loc":{"start":{"line":2,"column":34},"end":{"line":2,"column":125}},"type":"cond-expr","locations":[{"start":{"line":2,"column":42},"end":{"line":2,"column":48}},{"start":{"line":2,"column":51},"end":{"line":2,"column":125}}],"line":2},"2":{"loc":{"start":{"line":2,"column":51},"end":{"line":2,"column":125}},"type":"cond-expr","locations":[{"start":{"line":2,"column":67},"end":{"line":2,"column":118}},{"start":{"line":2,"column":121},"end":{"line":2,"column":125}}],"line":2},"3":{"loc":{"start":{"line":3,"column":4},"end":{"line":4,"column":150}},"type":"if","locations":[{"start":{"line":3,"column":4},"end":{"line":4,"column":150}},{"start":{"line":3,"column":4},"end":{"line":4,"column":150}}],"line":3},"4":{"loc":{"start":{"line":3,"column":8},"end":{"line":3,"column":77}},"type":"binary-expr","locations":[{"start":{"line":3,"column":8},"end":{"line":3,"column":35}},{"start":{"line":3,"column":39},"end":{"line":3,"column":77}}],"line":3},"5":{"loc":{"start":{"line":4,"column":58},"end":{"line":4,"column":150}},"type":"if","locations":[{"start":{"line":4,"column":58},"end":{"line":4,"column":150}},{"start":{"line":4,"column":58},"end":{"line":4,"column":150}}],"line":4},"6":{"loc":{"start":{"line":4,"column":85},"end":{"line":4,"column":149}},"type":"binary-expr","locations":[{"start":{"line":4,"column":86},"end":{"line":4,"column":143}},{"start":{"line":4,"column":148},"end":{"line":4,"column":149}}],"line":4},"7":{"loc":{"start":{"line":4,"column":86},"end":{"line":4,"column":143}},"type":"cond-expr","locations":[{"start":{"line":4,"column":94},"end":{"line":4,"column":98}},{"start":{"line":4,"column":101},"end":{"line":4,"column":143}}],"line":4},"8":{"loc":{"start":{"line":4,"column":101},"end":{"line":4,"column":143}},"type":"cond-expr","locations":[{"start":{"line":4,"column":109},"end":{"line":4,"column":126}},{"start":{"line":4,"column":129},"end":{"line":4,"column":143}}],"line":4},"9":{"loc":{"start":{"line":5,"column":11},"end":{"line":5,"column":62}},"type":"binary-expr","locations":[{"start":{"line":5,"column":11},"end":{"line":5,"column":16}},{"start":{"line":5,"column":20},"end":{"line":5,"column":21}},{"start":{"line":5,"column":25},"end":{"line":5,"column":62}}],"line":5},"10":{"loc":{"start":{"line":7,"column":17},"end":{"line":9,"column":1}},"type":"binary-expr","locations":[{"start":{"line":7,"column":18},"end":{"line":7,"column":22}},{"start":{"line":7,"column":26},"end":{"line":7,"column":41}},{"start":{"line":7,"column":46},"end":{"line":9,"column":1}}],"line":7},"11":{"loc":{"start":{"line":8,"column":4},"end":{"line":8,"column":109}},"type":"if","locations":[{"start":{"line":8,"column":4},"end":{"line":8,"column":109}},{"start":{"line":8,"column":4},"end":{"line":8,"column":109}}],"line":8},"12":{"loc":{"start":{"line":8,"column":8},"end":{"line":8,"column":77}},"type":"binary-expr","locations":[{"start":{"line":8,"column":8},"end":{"line":8,"column":35}},{"start":{"line":8,"column":39},"end":{"line":8,"column":77}}],"line":8},"13":{"loc":{"start":{"line":29,"column":37},"end":{"line":29,"column":129}},"type":"binary-expr","locations":[{"start":{"line":29,"column":37},"end":{"line":29,"column":113}},{"start":{"line":29,"column":117},"end":{"line":29,"column":119}},{"start":{"line":29,"column":123},"end":{"line":29,"column":129}}],"line":29},"14":{"loc":{"start":{"line":29,"column":50},"end":{"line":29,"column":97}},"type":"binary-expr","locations":[{"start":{"line":29,"column":50},"end":{"line":29,"column":83}},{"start":{"line":29,"column":87},"end":{"line":29,"column":97}}],"line":29}},"s":{"0":1,"1":2,"2":2,"3":2,"4":2,"5":0,"6":0,"7":0,"8":2,"9":1,"10":4,"11":4,"12":1,"13":1,"14":1,"15":1,"16":1},"f":{"0":2,"1":4,"2":1,"3":1},"b":{"0":[1,0,1],"1":[1,1],"2":[1,0],"3":[2,0],"4":[2,2],"5":[0,0],"6":[0,0],"7":[0,0],"8":[0,0],"9":[2,1,1],"10":[1,0,1],"11":[4,0],"12":[4,4],"13":[1,1,0],"14":[1,1]},"inputSourceMap":{"version":3,"file":"app.controller.js","sourceRoot":"","sources":["app.controller.ts"],"names":[],"mappings":";;;;;;;;;;AAAA,OAAO,EAAE,GAAG,EAAE,UAAU,EAAE,MAAM,gBAAgB,CAAC;AACjD,OAAO,EAAE,UAAU,EAAE,MAAM,eAAe,CAAC;AAG3C,IAAa,aAAa,GAA1B;IACE,YAA6B,UAAsB;QAAtB,eAAU,GAAV,UAAU,CAAY;IAAG,CAAC;IAGvD,IAAI;QACF,OAAO,IAAI,CAAC,UAAU,CAAC,IAAI,EAAE,CAAC;IAChC,CAAC;CACF,CAAA;AAHC;IADC,GAAG,EAAE;;;;yCAGL;AANU,aAAa;IADzB,UAAU,EAAE;yDAE8B,UAAU,oBAAV,UAAU;GADxC,aAAa,CAOzB;SAPY,aAAa","sourcesContent":["import { Get, Controller } from '@nestjs/common';\nimport { AppService } from './app.service';\n\n@Controller()\nexport class AppController {\n  constructor(private readonly appService: AppService) {}\n\n  @Get()\n  root(): string {\n    return this.appService.root();\n  }\n}\n"]},"_coverageSchema":"332fd63041d2c1bcb487cc26dd0d5f7d97098a6c","hash":"ef9abe1aac561da5d6b3794ab4b43a7c2b65b89e"}
,"/Users/derickhoganpimenta/Dropbox/Workspace/espm/espm-empregabilidade/src/app.service.ts": {"path":"/Users/derickhoganpimenta/Dropbox/Workspace/espm/espm-empregabilidade/src/app.service.ts","statementMap":{"0":{"start":{"line":1,"column":17},"end":{"line":6,"column":1}},"1":{"start":{"line":2,"column":12},"end":{"line":2,"column":28}},"2":{"start":{"line":2,"column":34},"end":{"line":2,"column":125}},"3":{"start":{"line":3,"column":4},"end":{"line":4,"column":150}},"4":{"start":{"line":3,"column":79},"end":{"line":3,"column":131}},"5":{"start":{"line":4,"column":9},"end":{"line":4,"column":150}},"6":{"start":{"line":4,"column":58},"end":{"line":4,"column":150}},"7":{"start":{"line":4,"column":81},"end":{"line":4,"column":150}},"8":{"start":{"line":5,"column":4},"end":{"line":5,"column":66}},"9":{"start":{"line":8,"column":17},"end":{"line":12,"column":1}},"10":{"start":{"line":10,"column":8},"end":{"line":10,"column":30}},"11":{"start":{"line":13,"column":0},"end":{"line":15,"column":15}}},"fnMap":{"0":{"name":"(anonymous_0)","decl":{"start":{"line":1,"column":46},"end":{"line":1,"column":47}},"loc":{"start":{"line":1,"column":87},"end":{"line":6,"column":1}},"line":1},"1":{"name":"(anonymous_1)","decl":{"start":{"line":9,"column":4},"end":{"line":9,"column":5}},"loc":{"start":{"line":9,"column":11},"end":{"line":11,"column":5}},"line":9}},"branchMap":{"0":{"loc":{"start":{"line":1,"column":17},"end":{"line":6,"column":1}},"type":"binary-expr","locations":[{"start":{"line":1,"column":18},"end":{"line":1,"column":22}},{"start":{"line":1,"column":26},"end":{"line":1,"column":41}},{"start":{"line":1,"column":46},"end":{"line":6,"column":1}}],"line":1},"1":{"loc":{"start":{"line":2,"column":34},"end":{"line":2,"column":125}},"type":"cond-expr","locations":[{"start":{"line":2,"column":42},"end":{"line":2,"column":48}},{"start":{"line":2,"column":51},"end":{"line":2,"column":125}}],"line":2},"2":{"loc":{"start":{"line":2,"column":51},"end":{"line":2,"column":125}},"type":"cond-expr","locations":[{"start":{"line":2,"column":67},"end":{"line":2,"column":118}},{"start":{"line":2,"column":121},"end":{"line":2,"column":125}}],"line":2},"3":{"loc":{"start":{"line":3,"column":4},"end":{"line":4,"column":150}},"type":"if","locations":[{"start":{"line":3,"column":4},"end":{"line":4,"column":150}},{"start":{"line":3,"column":4},"end":{"line":4,"column":150}}],"line":3},"4":{"loc":{"start":{"line":3,"column":8},"end":{"line":3,"column":77}},"type":"binary-expr","locations":[{"start":{"line":3,"column":8},"end":{"line":3,"column":35}},{"start":{"line":3,"column":39},"end":{"line":3,"column":77}}],"line":3},"5":{"loc":{"start":{"line":4,"column":58},"end":{"line":4,"column":150}},"type":"if","locations":[{"start":{"line":4,"column":58},"end":{"line":4,"column":150}},{"start":{"line":4,"column":58},"end":{"line":4,"column":150}}],"line":4},"6":{"loc":{"start":{"line":4,"column":85},"end":{"line":4,"column":149}},"type":"binary-expr","locations":[{"start":{"line":4,"column":86},"end":{"line":4,"column":143}},{"start":{"line":4,"column":148},"end":{"line":4,"column":149}}],"line":4},"7":{"loc":{"start":{"line":4,"column":86},"end":{"line":4,"column":143}},"type":"cond-expr","locations":[{"start":{"line":4,"column":94},"end":{"line":4,"column":98}},{"start":{"line":4,"column":101},"end":{"line":4,"column":143}}],"line":4},"8":{"loc":{"start":{"line":4,"column":101},"end":{"line":4,"column":143}},"type":"cond-expr","locations":[{"start":{"line":4,"column":109},"end":{"line":4,"column":126}},{"start":{"line":4,"column":129},"end":{"line":4,"column":143}}],"line":4},"9":{"loc":{"start":{"line":5,"column":11},"end":{"line":5,"column":62}},"type":"binary-expr","locations":[{"start":{"line":5,"column":11},"end":{"line":5,"column":16}},{"start":{"line":5,"column":20},"end":{"line":5,"column":21}},{"start":{"line":5,"column":25},"end":{"line":5,"column":62}}],"line":5}},"s":{"0":1,"1":1,"2":1,"3":1,"4":1,"5":0,"6":0,"7":0,"8":1,"9":1,"10":1,"11":1},"f":{"0":1,"1":1},"b":{"0":[1,0,1],"1":[1,0],"2":[0,0],"3":[1,0],"4":[1,1],"5":[0,0],"6":[0,0],"7":[0,0],"8":[0,0],"9":[1,0,0]},"inputSourceMap":{"version":3,"file":"app.service.js","sourceRoot":"","sources":["app.service.ts"],"names":[],"mappings":";;;;;;AAAA,OAAO,EAAE,UAAU,EAAE,MAAM,gBAAgB,CAAC;AAG5C,IAAa,UAAU,GAAvB;IACE,IAAI;QACF,OAAO,cAAc,CAAC;IACxB,CAAC;CACF,CAAA;AAJY,UAAU;IADtB,UAAU,EAAE;GACA,UAAU,CAItB;SAJY,UAAU","sourcesContent":["import { Injectable } from '@nestjs/common';\n\n@Injectable()\nexport class AppService {\n  root(): string {\n    return 'Hello World!';\n  }\n}\n"]},"_coverageSchema":"332fd63041d2c1bcb487cc26dd0d5f7d97098a6c","hash":"4fd0a50ad8d2b7d10e73e7a509007601231df9b2"}
,"/Users/derickhoganpimenta/Dropbox/Workspace/espm/espm-empregabilidade/src/candidates/candidate.entity.ts": {"path":"/Users/derickhoganpimenta/Dropbox/Workspace/espm/espm-empregabilidade/src/candidates/candidate.entity.ts","statementMap":{"0":{"start":{"line":1,"column":17},"end":{"line":6,"column":1}},"1":{"start":{"line":2,"column":12},"end":{"line":2,"column":28}},"2":{"start":{"line":2,"column":34},"end":{"line":2,"column":125}},"3":{"start":{"line":3,"column":4},"end":{"line":4,"column":150}},"4":{"start":{"line":3,"column":79},"end":{"line":3,"column":131}},"5":{"start":{"line":4,"column":9},"end":{"line":4,"column":150}},"6":{"start":{"line":4,"column":58},"end":{"line":4,"column":150}},"7":{"start":{"line":4,"column":81},"end":{"line":4,"column":150}},"8":{"start":{"line":5,"column":4},"end":{"line":5,"column":66}},"9":{"start":{"line":7,"column":17},"end":{"line":9,"column":1}},"10":{"start":{"line":8,"column":4},"end":{"line":8,"column":109}},"11":{"start":{"line":8,"column":79},"end":{"line":8,"column":109}},"12":{"start":{"line":14,"column":16},"end":{"line":15,"column":1}},"13":{"start":{"line":16,"column":0},"end":{"line":19,"column":47}},"14":{"start":{"line":17,"column":24},"end":{"line":17,"column":34}},"15":{"start":{"line":17,"column":42},"end":{"line":17,"column":61}},"16":{"start":{"line":20,"column":0},"end":{"line":23,"column":40}},"17":{"start":{"line":24,"column":0},"end":{"line":27,"column":51}},"18":{"start":{"line":28,"column":0},"end":{"line":31,"column":45}},"19":{"start":{"line":32,"column":0},"end":{"line":36,"column":14}}},"fnMap":{"0":{"name":"(anonymous_0)","decl":{"start":{"line":1,"column":46},"end":{"line":1,"column":47}},"loc":{"start":{"line":1,"column":87},"end":{"line":6,"column":1}},"line":1},"1":{"name":"(anonymous_1)","decl":{"start":{"line":7,"column":46},"end":{"line":7,"column":47}},"loc":{"start":{"line":7,"column":62},"end":{"line":9,"column":1}},"line":7},"2":{"name":"(anonymous_2)","decl":{"start":{"line":17,"column":18},"end":{"line":17,"column":19}},"loc":{"start":{"line":17,"column":24},"end":{"line":17,"column":34}},"line":17},"3":{"name":"(anonymous_3)","decl":{"start":{"line":17,"column":36},"end":{"line":17,"column":37}},"loc":{"start":{"line":17,"column":42},"end":{"line":17,"column":61}},"line":17}},"branchMap":{"0":{"loc":{"start":{"line":1,"column":17},"end":{"line":6,"column":1}},"type":"binary-expr","locations":[{"start":{"line":1,"column":18},"end":{"line":1,"column":22}},{"start":{"line":1,"column":26},"end":{"line":1,"column":41}},{"start":{"line":1,"column":46},"end":{"line":6,"column":1}}],"line":1},"1":{"loc":{"start":{"line":2,"column":34},"end":{"line":2,"column":125}},"type":"cond-expr","locations":[{"start":{"line":2,"column":42},"end":{"line":2,"column":48}},{"start":{"line":2,"column":51},"end":{"line":2,"column":125}}],"line":2},"2":{"loc":{"start":{"line":2,"column":51},"end":{"line":2,"column":125}},"type":"cond-expr","locations":[{"start":{"line":2,"column":67},"end":{"line":2,"column":118}},{"start":{"line":2,"column":121},"end":{"line":2,"column":125}}],"line":2},"3":{"loc":{"start":{"line":3,"column":4},"end":{"line":4,"column":150}},"type":"if","locations":[{"start":{"line":3,"column":4},"end":{"line":4,"column":150}},{"start":{"line":3,"column":4},"end":{"line":4,"column":150}}],"line":3},"4":{"loc":{"start":{"line":3,"column":8},"end":{"line":3,"column":77}},"type":"binary-expr","locations":[{"start":{"line":3,"column":8},"end":{"line":3,"column":35}},{"start":{"line":3,"column":39},"end":{"line":3,"column":77}}],"line":3},"5":{"loc":{"start":{"line":4,"column":58},"end":{"line":4,"column":150}},"type":"if","locations":[{"start":{"line":4,"column":58},"end":{"line":4,"column":150}},{"start":{"line":4,"column":58},"end":{"line":4,"column":150}}],"line":4},"6":{"loc":{"start":{"line":4,"column":85},"end":{"line":4,"column":149}},"type":"binary-expr","locations":[{"start":{"line":4,"column":86},"end":{"line":4,"column":143}},{"start":{"line":4,"column":148},"end":{"line":4,"column":149}}],"line":4},"7":{"loc":{"start":{"line":4,"column":86},"end":{"line":4,"column":143}},"type":"cond-expr","locations":[{"start":{"line":4,"column":94},"end":{"line":4,"column":98}},{"start":{"line":4,"column":101},"end":{"line":4,"column":143}}],"line":4},"8":{"loc":{"start":{"line":4,"column":101},"end":{"line":4,"column":143}},"type":"cond-expr","locations":[{"start":{"line":4,"column":109},"end":{"line":4,"column":126}},{"start":{"line":4,"column":129},"end":{"line":4,"column":143}}],"line":4},"9":{"loc":{"start":{"line":5,"column":11},"end":{"line":5,"column":62}},"type":"binary-expr","locations":[{"start":{"line":5,"column":11},"end":{"line":5,"column":16}},{"start":{"line":5,"column":20},"end":{"line":5,"column":21}},{"start":{"line":5,"column":25},"end":{"line":5,"column":62}}],"line":5},"10":{"loc":{"start":{"line":7,"column":17},"end":{"line":9,"column":1}},"type":"binary-expr","locations":[{"start":{"line":7,"column":18},"end":{"line":7,"column":22}},{"start":{"line":7,"column":26},"end":{"line":7,"column":41}},{"start":{"line":7,"column":46},"end":{"line":9,"column":1}}],"line":7},"11":{"loc":{"start":{"line":8,"column":4},"end":{"line":8,"column":109}},"type":"if","locations":[{"start":{"line":8,"column":4},"end":{"line":8,"column":109}},{"start":{"line":8,"column":4},"end":{"line":8,"column":109}}],"line":8},"12":{"loc":{"start":{"line":8,"column":8},"end":{"line":8,"column":77}},"type":"binary-expr","locations":[{"start":{"line":8,"column":8},"end":{"line":8,"column":35}},{"start":{"line":8,"column":39},"end":{"line":8,"column":77}}],"line":8},"13":{"loc":{"start":{"line":30,"column":30},"end":{"line":30,"column":110}},"type":"binary-expr","locations":[{"start":{"line":30,"column":30},"end":{"line":30,"column":94}},{"start":{"line":30,"column":98},"end":{"line":30,"column":100}},{"start":{"line":30,"column":104},"end":{"line":30,"column":110}}],"line":30},"14":{"loc":{"start":{"line":30,"column":43},"end":{"line":30,"column":78}},"type":"binary-expr","locations":[{"start":{"line":30,"column":43},"end":{"line":30,"column":70}},{"start":{"line":30,"column":74},"end":{"line":30,"column":78}}],"line":30}},"s":{"0":2,"1":10,"2":10,"3":10,"4":10,"5":0,"6":0,"7":0,"8":10,"9":2,"10":8,"11":8,"12":2,"13":2,"14":0,"15":0,"16":2,"17":2,"18":2,"19":2},"f":{"0":10,"1":8,"2":0,"3":0},"b":{"0":[2,0,2],"1":[2,8],"2":[0,8],"3":[10,0],"4":[10,10],"5":[0,0],"6":[0,0],"7":[0,0],"8":[0,0],"9":[10,8,0],"10":[2,0,2],"11":[8,0],"12":[8,8],"13":[2,2,0],"14":[2,2]},"inputSourceMap":{"version":3,"file":"candidate.entity.js","sourceRoot":"","sources":["candidate.entity.ts"],"names":[],"mappings":";;;;;;;;;;AAAA,OAAO,EAAE,KAAK,EAAE,MAAM,EAAE,KAAK,EAAE,QAAQ,EAAE,aAAa,EAAE,MAAM,sBAAsB,CAAC;AACrF,OAAO,EAAE,UAAU,EAAE,MAAM,kCAAkC,CAAC;AAC9D,OAAO,EAAE,mBAAmB,EAAE,MAAM,uDAAuD,CAAC;AAM5F,IAAa,SAAS,GAAtB,eAAuB,SAAQ,KAAgB;CAS9C,CAAA;AAPC;IADC,aAAa,CAAC,GAAG,EAAE,CAAC,UAAU,EAAE,GAAG,EAAE,CAAC,mBAAmB,CAAC;;8CACjC;AAElB;IAAP,MAAM;;uCAAc;AAEiB;IAArC,MAAM,CAAC,EAAE,IAAI,EAAE,QAAQ,CAAC,MAAM,CAAC,EAAE,CAAC,EAAC,CAAC;;kDAAyB;AAEtD;IAAP,MAAM;kDAAY,IAAI,oBAAJ,IAAI;4CAAC;AARb,SAAS;IAJrB,KAAK,CAAC;QACL,SAAS,EAAE,YAAY;KACxB,CAAC;GAEW,SAAS,CASrB;SATY,SAAS","sourcesContent":["import { Table, Column, Model, DataType, BelongsToMany } from 'sequelize-typescript';\nimport { Occupation } from '../occupations/occupation.entity';\nimport { CandidateOccupation } from '../candidates_occupations/candidate_occupation.entity';\n\n@Table({\n  tableName: \"candidates\"\n})\n\nexport class Candidate extends Model<Candidate> {\n  @BelongsToMany(() => Occupation, () => CandidateOccupation)\n  occupations: Occupation[];\n\n  @Column name: string;\n\n  @Column({ type: DataType.STRING(11)}) document_number: string;\n\n  @Column birthdate: Date;\n}\n"]},"_coverageSchema":"332fd63041d2c1bcb487cc26dd0d5f7d97098a6c","hash":"085176982370e5401a4be7fa3800d02559c92c0a"}
,"/Users/derickhoganpimenta/Dropbox/Workspace/espm/espm-empregabilidade/src/candidates/candidates.controller.ts": {"path":"/Users/derickhoganpimenta/Dropbox/Workspace/espm/espm-empregabilidade/src/candidates/candidates.controller.ts","statementMap":{"0":{"start":{"line":1,"column":17},"end":{"line":6,"column":1}},"1":{"start":{"line":2,"column":12},"end":{"line":2,"column":28}},"2":{"start":{"line":2,"column":34},"end":{"line":2,"column":125}},"3":{"start":{"line":3,"column":4},"end":{"line":4,"column":150}},"4":{"start":{"line":3,"column":79},"end":{"line":3,"column":131}},"5":{"start":{"line":4,"column":9},"end":{"line":4,"column":150}},"6":{"start":{"line":4,"column":58},"end":{"line":4,"column":150}},"7":{"start":{"line":4,"column":81},"end":{"line":4,"column":150}},"8":{"start":{"line":5,"column":4},"end":{"line":5,"column":66}},"9":{"start":{"line":7,"column":17},"end":{"line":9,"column":1}},"10":{"start":{"line":8,"column":4},"end":{"line":8,"column":109}},"11":{"start":{"line":8,"column":79},"end":{"line":8,"column":109}},"12":{"start":{"line":10,"column":14},"end":{"line":12,"column":1}},"13":{"start":{"line":11,"column":4},"end":{"line":11,"column":73}},"14":{"start":{"line":11,"column":36},"end":{"line":11,"column":71}},"15":{"start":{"line":13,"column":16},"end":{"line":20,"column":1}},"16":{"start":{"line":14,"column":4},"end":{"line":19,"column":7}},"17":{"start":{"line":15,"column":36},"end":{"line":15,"column":97}},"18":{"start":{"line":15,"column":42},"end":{"line":15,"column":70}},"19":{"start":{"line":15,"column":85},"end":{"line":15,"column":95}},"20":{"start":{"line":16,"column":35},"end":{"line":16,"column":100}},"21":{"start":{"line":16,"column":41},"end":{"line":16,"column":73}},"22":{"start":{"line":16,"column":88},"end":{"line":16,"column":98}},"23":{"start":{"line":17,"column":32},"end":{"line":17,"column":149}},"24":{"start":{"line":17,"column":97},"end":{"line":17,"column":119}},"25":{"start":{"line":18,"column":8},"end":{"line":18,"column":78}},"26":{"start":{"line":24,"column":27},"end":{"line":48,"column":1}},"27":{"start":{"line":26,"column":8},"end":{"line":26,"column":51}},"28":{"start":{"line":29,"column":8},"end":{"line":31,"column":11}},"29":{"start":{"line":30,"column":12},"end":{"line":30,"column":58}},"30":{"start":{"line":34,"column":8},"end":{"line":36,"column":11}},"31":{"start":{"line":35,"column":12},"end":{"line":35,"column":80}},"32":{"start":{"line":39,"column":8},"end":{"line":41,"column":11}},"33":{"start":{"line":40,"column":12},"end":{"line":40,"column":90}},"34":{"start":{"line":44,"column":8},"end":{"line":46,"column":11}},"35":{"start":{"line":45,"column":12},"end":{"line":45,"column":119}},"36":{"start":{"line":49,"column":0},"end":{"line":54,"column":52}},"37":{"start":{"line":55,"column":0},"end":{"line":61,"column":52}},"38":{"start":{"line":62,"column":0},"end":{"line":68,"column":62}},"39":{"start":{"line":69,"column":0},"end":{"line":75,"column":76}},"40":{"start":{"line":76,"column":0},"end":{"line":79,"column":25}}},"fnMap":{"0":{"name":"(anonymous_0)","decl":{"start":{"line":1,"column":46},"end":{"line":1,"column":47}},"loc":{"start":{"line":1,"column":87},"end":{"line":6,"column":1}},"line":1},"1":{"name":"(anonymous_1)","decl":{"start":{"line":7,"column":46},"end":{"line":7,"column":47}},"loc":{"start":{"line":7,"column":62},"end":{"line":9,"column":1}},"line":7},"2":{"name":"(anonymous_2)","decl":{"start":{"line":10,"column":40},"end":{"line":10,"column":41}},"loc":{"start":{"line":10,"column":73},"end":{"line":12,"column":1}},"line":10},"3":{"name":"(anonymous_3)","decl":{"start":{"line":11,"column":11},"end":{"line":11,"column":12}},"loc":{"start":{"line":11,"column":34},"end":{"line":11,"column":73}},"line":11},"4":{"name":"(anonymous_4)","decl":{"start":{"line":13,"column":44},"end":{"line":13,"column":45}},"loc":{"start":{"line":13,"column":89},"end":{"line":20,"column":1}},"line":13},"5":{"name":"(anonymous_5)","decl":{"start":{"line":14,"column":36},"end":{"line":14,"column":37}},"loc":{"start":{"line":14,"column":63},"end":{"line":19,"column":5}},"line":14},"6":{"name":"fulfilled","decl":{"start":{"line":15,"column":17},"end":{"line":15,"column":26}},"loc":{"start":{"line":15,"column":34},"end":{"line":15,"column":99}},"line":15},"7":{"name":"rejected","decl":{"start":{"line":16,"column":17},"end":{"line":16,"column":25}},"loc":{"start":{"line":16,"column":33},"end":{"line":16,"column":102}},"line":16},"8":{"name":"step","decl":{"start":{"line":17,"column":17},"end":{"line":17,"column":21}},"loc":{"start":{"line":17,"column":30},"end":{"line":17,"column":151}},"line":17},"9":{"name":"(anonymous_9)","decl":{"start":{"line":17,"column":76},"end":{"line":17,"column":77}},"loc":{"start":{"line":17,"column":95},"end":{"line":17,"column":121}},"line":17},"10":{"name":"(anonymous_10)","decl":{"start":{"line":25,"column":4},"end":{"line":25,"column":5}},"loc":{"start":{"line":25,"column":35},"end":{"line":27,"column":5}},"line":25},"11":{"name":"(anonymous_11)","decl":{"start":{"line":28,"column":4},"end":{"line":28,"column":5}},"loc":{"start":{"line":28,"column":14},"end":{"line":32,"column":5}},"line":28},"12":{"name":"(anonymous_12)","decl":{"start":{"line":29,"column":47},"end":{"line":29,"column":48}},"loc":{"start":{"line":29,"column":60},"end":{"line":31,"column":9}},"line":29},"13":{"name":"(anonymous_13)","decl":{"start":{"line":33,"column":4},"end":{"line":33,"column":5}},"loc":{"start":{"line":33,"column":20},"end":{"line":37,"column":5}},"line":33},"14":{"name":"(anonymous_14)","decl":{"start":{"line":34,"column":47},"end":{"line":34,"column":48}},"loc":{"start":{"line":34,"column":60},"end":{"line":36,"column":9}},"line":34},"15":{"name":"(anonymous_15)","decl":{"start":{"line":38,"column":4},"end":{"line":38,"column":5}},"loc":{"start":{"line":38,"column":30},"end":{"line":42,"column":5}},"line":38},"16":{"name":"(anonymous_16)","decl":{"start":{"line":39,"column":47},"end":{"line":39,"column":48}},"loc":{"start":{"line":39,"column":60},"end":{"line":41,"column":9}},"line":39},"17":{"name":"(anonymous_17)","decl":{"start":{"line":43,"column":4},"end":{"line":43,"column":5}},"loc":{"start":{"line":43,"column":44},"end":{"line":47,"column":5}},"line":43},"18":{"name":"(anonymous_18)","decl":{"start":{"line":44,"column":47},"end":{"line":44,"column":48}},"loc":{"start":{"line":44,"column":60},"end":{"line":46,"column":9}},"line":44}},"branchMap":{"0":{"loc":{"start":{"line":1,"column":17},"end":{"line":6,"column":1}},"type":"binary-expr","locations":[{"start":{"line":1,"column":18},"end":{"line":1,"column":22}},{"start":{"line":1,"column":26},"end":{"line":1,"column":41}},{"start":{"line":1,"column":46},"end":{"line":6,"column":1}}],"line":1},"1":{"loc":{"start":{"line":2,"column":34},"end":{"line":2,"column":125}},"type":"cond-expr","locations":[{"start":{"line":2,"column":42},"end":{"line":2,"column":48}},{"start":{"line":2,"column":51},"end":{"line":2,"column":125}}],"line":2},"2":{"loc":{"start":{"line":2,"column":51},"end":{"line":2,"column":125}},"type":"cond-expr","locations":[{"start":{"line":2,"column":67},"end":{"line":2,"column":118}},{"start":{"line":2,"column":121},"end":{"line":2,"column":125}}],"line":2},"3":{"loc":{"start":{"line":3,"column":4},"end":{"line":4,"column":150}},"type":"if","locations":[{"start":{"line":3,"column":4},"end":{"line":4,"column":150}},{"start":{"line":3,"column":4},"end":{"line":4,"column":150}}],"line":3},"4":{"loc":{"start":{"line":3,"column":8},"end":{"line":3,"column":77}},"type":"binary-expr","locations":[{"start":{"line":3,"column":8},"end":{"line":3,"column":35}},{"start":{"line":3,"column":39},"end":{"line":3,"column":77}}],"line":3},"5":{"loc":{"start":{"line":4,"column":58},"end":{"line":4,"column":150}},"type":"if","locations":[{"start":{"line":4,"column":58},"end":{"line":4,"column":150}},{"start":{"line":4,"column":58},"end":{"line":4,"column":150}}],"line":4},"6":{"loc":{"start":{"line":4,"column":85},"end":{"line":4,"column":149}},"type":"binary-expr","locations":[{"start":{"line":4,"column":86},"end":{"line":4,"column":143}},{"start":{"line":4,"column":148},"end":{"line":4,"column":149}}],"line":4},"7":{"loc":{"start":{"line":4,"column":86},"end":{"line":4,"column":143}},"type":"cond-expr","locations":[{"start":{"line":4,"column":94},"end":{"line":4,"column":98}},{"start":{"line":4,"column":101},"end":{"line":4,"column":143}}],"line":4},"8":{"loc":{"start":{"line":4,"column":101},"end":{"line":4,"column":143}},"type":"cond-expr","locations":[{"start":{"line":4,"column":109},"end":{"line":4,"column":126}},{"start":{"line":4,"column":129},"end":{"line":4,"column":143}}],"line":4},"9":{"loc":{"start":{"line":5,"column":11},"end":{"line":5,"column":62}},"type":"binary-expr","locations":[{"start":{"line":5,"column":11},"end":{"line":5,"column":16}},{"start":{"line":5,"column":20},"end":{"line":5,"column":21}},{"start":{"line":5,"column":25},"end":{"line":5,"column":62}}],"line":5},"10":{"loc":{"start":{"line":7,"column":17},"end":{"line":9,"column":1}},"type":"binary-expr","locations":[{"start":{"line":7,"column":18},"end":{"line":7,"column":22}},{"start":{"line":7,"column":26},"end":{"line":7,"column":41}},{"start":{"line":7,"column":46},"end":{"line":9,"column":1}}],"line":7},"11":{"loc":{"start":{"line":8,"column":4},"end":{"line":8,"column":109}},"type":"if","locations":[{"start":{"line":8,"column":4},"end":{"line":8,"column":109}},{"start":{"line":8,"column":4},"end":{"line":8,"column":109}}],"line":8},"12":{"loc":{"start":{"line":8,"column":8},"end":{"line":8,"column":77}},"type":"binary-expr","locations":[{"start":{"line":8,"column":8},"end":{"line":8,"column":35}},{"start":{"line":8,"column":39},"end":{"line":8,"column":77}}],"line":8},"13":{"loc":{"start":{"line":10,"column":14},"end":{"line":12,"column":1}},"type":"binary-expr","locations":[{"start":{"line":10,"column":15},"end":{"line":10,"column":19}},{"start":{"line":10,"column":23},"end":{"line":10,"column":35}},{"start":{"line":10,"column":40},"end":{"line":12,"column":1}}],"line":10},"14":{"loc":{"start":{"line":13,"column":16},"end":{"line":20,"column":1}},"type":"binary-expr","locations":[{"start":{"line":13,"column":17},"end":{"line":13,"column":21}},{"start":{"line":13,"column":25},"end":{"line":13,"column":39}},{"start":{"line":13,"column":44},"end":{"line":20,"column":1}}],"line":13},"15":{"loc":{"start":{"line":14,"column":16},"end":{"line":14,"column":34}},"type":"binary-expr","locations":[{"start":{"line":14,"column":16},"end":{"line":14,"column":17}},{"start":{"line":14,"column":22},"end":{"line":14,"column":33}}],"line":14},"16":{"loc":{"start":{"line":17,"column":32},"end":{"line":17,"column":148}},"type":"cond-expr","locations":[{"start":{"line":17,"column":46},"end":{"line":17,"column":67}},{"start":{"line":17,"column":70},"end":{"line":17,"column":148}}],"line":17},"17":{"loc":{"start":{"line":18,"column":51},"end":{"line":18,"column":67}},"type":"binary-expr","locations":[{"start":{"line":18,"column":51},"end":{"line":18,"column":61}},{"start":{"line":18,"column":65},"end":{"line":18,"column":67}}],"line":18},"18":{"loc":{"start":{"line":53,"column":36},"end":{"line":53,"column":122}},"type":"binary-expr","locations":[{"start":{"line":53,"column":36},"end":{"line":53,"column":106}},{"start":{"line":53,"column":110},"end":{"line":53,"column":112}},{"start":{"line":53,"column":116},"end":{"line":53,"column":122}}],"line":53},"19":{"loc":{"start":{"line":53,"column":49},"end":{"line":53,"column":90}},"type":"binary-expr","locations":[{"start":{"line":53,"column":49},"end":{"line":53,"column":79}},{"start":{"line":53,"column":83},"end":{"line":53,"column":90}}],"line":53},"20":{"loc":{"start":{"line":60,"column":36},"end":{"line":60,"column":122}},"type":"binary-expr","locations":[{"start":{"line":60,"column":36},"end":{"line":60,"column":106}},{"start":{"line":60,"column":110},"end":{"line":60,"column":112}},{"start":{"line":60,"column":116},"end":{"line":60,"column":122}}],"line":60},"21":{"loc":{"start":{"line":60,"column":49},"end":{"line":60,"column":90}},"type":"binary-expr","locations":[{"start":{"line":60,"column":49},"end":{"line":60,"column":79}},{"start":{"line":60,"column":83},"end":{"line":60,"column":90}}],"line":60},"22":{"loc":{"start":{"line":67,"column":36},"end":{"line":67,"column":122}},"type":"binary-expr","locations":[{"start":{"line":67,"column":36},"end":{"line":67,"column":106}},{"start":{"line":67,"column":110},"end":{"line":67,"column":112}},{"start":{"line":67,"column":116},"end":{"line":67,"column":122}}],"line":67},"23":{"loc":{"start":{"line":67,"column":49},"end":{"line":67,"column":90}},"type":"binary-expr","locations":[{"start":{"line":67,"column":49},"end":{"line":67,"column":79}},{"start":{"line":67,"column":83},"end":{"line":67,"column":90}}],"line":67},"24":{"loc":{"start":{"line":74,"column":36},"end":{"line":74,"column":122}},"type":"binary-expr","locations":[{"start":{"line":74,"column":36},"end":{"line":74,"column":106}},{"start":{"line":74,"column":110},"end":{"line":74,"column":112}},{"start":{"line":74,"column":116},"end":{"line":74,"column":122}}],"line":74},"25":{"loc":{"start":{"line":74,"column":49},"end":{"line":74,"column":90}},"type":"binary-expr","locations":[{"start":{"line":74,"column":49},"end":{"line":74,"column":79}},{"start":{"line":74,"column":83},"end":{"line":74,"column":90}}],"line":74},"26":{"loc":{"start":{"line":78,"column":37},"end":{"line":78,"column":143}},"type":"binary-expr","locations":[{"start":{"line":78,"column":37},"end":{"line":78,"column":127}},{"start":{"line":78,"column":131},"end":{"line":78,"column":133}},{"start":{"line":78,"column":137},"end":{"line":78,"column":143}}],"line":78},"27":{"loc":{"start":{"line":78,"column":50},"end":{"line":78,"column":111}},"type":"binary-expr","locations":[{"start":{"line":78,"column":50},"end":{"line":78,"column":90}},{"start":{"line":78,"column":94},"end":{"line":78,"column":111}}],"line":78}},"s":{"0":1,"1":5,"2":5,"3":5,"4":5,"5":0,"6":0,"7":0,"8":5,"9":1,"10":13,"11":13,"12":1,"13":3,"14":3,"15":1,"16":0,"17":0,"18":0,"19":0,"20":0,"21":0,"22":0,"23":0,"24":0,"25":0,"26":1,"27":1,"28":0,"29":0,"30":0,"31":0,"32":0,"33":0,"34":0,"35":0,"36":1,"37":1,"38":1,"39":1,"40":1},"f":{"0":5,"1":13,"2":3,"3":3,"4":0,"5":0,"6":0,"7":0,"8":0,"9":0,"10":1,"11":0,"12":0,"13":0,"14":0,"15":0,"16":0,"17":0,"18":0},"b":{"0":[1,0,1],"1":[1,4],"2":[4,0],"3":[5,0],"4":[5,5],"5":[0,0],"6":[0,0],"7":[0,0],"8":[0,0],"9":[5,4,4],"10":[1,0,1],"11":[13,0],"12":[13,13],"13":[1,0,1],"14":[1,0,1],"15":[0,0],"16":[0,0],"17":[0,0],"18":[1,1,0],"19":[1,1],"20":[1,1,0],"21":[1,1],"22":[1,1,0],"23":[1,1],"24":[1,1,0],"25":[1,1],"26":[1,1,0],"27":[1,1]},"inputSourceMap":{"version":3,"file":"candidates.controller.js","sourceRoot":"","sources":["candidates.controller.ts"],"names":[],"mappings":";;;;;;;;;;;;;;;;;;;;;AAAA,OAAO,EAAE,UAAU,EAAE,GAAG,EAAE,KAAK,EAAE,MAAM,gBAAgB,CAAC;AACxD,OAAO,EAAE,iBAAiB,EAAE,MAAM,sBAAsB,CAAC;AAIzD,IAAa,oBAAoB,GAAjC;IACE,YAA6B,iBAAoC;QAApC,sBAAiB,GAAjB,iBAAiB,CAAmB;IAAG,CAAC;IAG/D,OAAO;;YACX,OAAO,MAAM,IAAI,CAAC,iBAAiB,CAAC,OAAO,EAAE,CAAC;QAChD,CAAC;KAAA;IAGK,OAAO,CAAU,MAAM;;YAC3B,OAAO,MAAM,IAAI,CAAC,iBAAiB,CAAC,OAAO,CAAC,MAAM,CAAC,eAAe,CAAC,CAAC;QACtE,CAAC;KAAA;IAGK,iBAAiB,CAAU,MAAM;;YACrC,OAAO,MAAM,IAAI,CAAC,iBAAiB,CAAC,iBAAiB,CAAC,MAAM,CAAC,eAAe,CAAC,CAAC;QAChF,CAAC;KAAA;IAGK,+BAA+B,CAAU,MAAM;;YACnD,OAAO,MAAM,IAAI,CAAC,iBAAiB,CAAC,+BAA+B,CAAC,MAAM,CAAC,eAAe,EAAE,MAAM,CAAC,MAAM,CAAC,CAAC;QAC7G,CAAC;KAAA;CACF,CAAA;AAlBC;IADC,GAAG,EAAE;;;wDACW,OAAO,oBAAP,OAAO;mDAEvB;AAGD;IADC,GAAG,CAAC,kBAAkB,CAAC;IACT,WAAA,KAAK,EAAE,CAAA;;;wDAAU,OAAO,oBAAP,OAAO;mDAEtC;AAGD;IADC,GAAG,CAAC,iCAAiC,CAAC;IACd,WAAA,KAAK,EAAE,CAAA;;;wDAAU,OAAO,oBAAP,OAAO;6DAEhD;AAGD;IADC,GAAG,CAAC,8CAA8C,CAAC;IACb,WAAA,KAAK,EAAE,CAAA;;;wDAAU,OAAO,oBAAP,OAAO;2EAE9D;AArBU,oBAAoB;IADhC,UAAU,CAAC,YAAY,CAAC;yDAEyB,iBAAiB,oBAAjB,iBAAiB;GADtD,oBAAoB,CAsBhC;SAtBY,oBAAoB","sourcesContent":["import { Controller, Get, Param } from '@nestjs/common';\nimport { CandidatesService } from './candidates.service';\nimport { Candidate } from './candidate.entity';\n\n@Controller('candidates')\nexport class CandidatesController {\n  constructor(private readonly candidatesService: CandidatesService) {}\n\n  @Get()\n  async findAll(): Promise<Candidate[]> {\n    return await this.candidatesService.findAll();\n  }\n\n  @Get(\":document_number\")\n  async findOne(@Param() params): Promise<Candidate> {\n    return await this.candidatesService.findOne(params.document_number);\n  }\n\n  @Get(\":document_number/public_tenders\")\n  async findPublicTenders(@Param() params): Promise<String[]> {\n    return await this.candidatesService.findPublicTenders(params.document_number);\n  }\n\n  @Get(\":document_number/public_tenders/page/:number\")\n  async findPublicTendersWithPagination(@Param() params): Promise<String[]> {\n    return await this.candidatesService.findPublicTendersWithPagination(params.document_number, params.number);\n  }\n}\n"]},"_coverageSchema":"332fd63041d2c1bcb487cc26dd0d5f7d97098a6c","hash":"94ecf3b885fbde29cfd691b3f0f37cdf784d936e"}
,"/Users/derickhoganpimenta/Dropbox/Workspace/espm/espm-empregabilidade/src/candidates/candidates.service.ts": {"path":"/Users/derickhoganpimenta/Dropbox/Workspace/espm/espm-empregabilidade/src/candidates/candidates.service.ts","statementMap":{"0":{"start":{"line":1,"column":17},"end":{"line":6,"column":1}},"1":{"start":{"line":2,"column":12},"end":{"line":2,"column":28}},"2":{"start":{"line":2,"column":34},"end":{"line":2,"column":125}},"3":{"start":{"line":3,"column":4},"end":{"line":4,"column":150}},"4":{"start":{"line":3,"column":79},"end":{"line":3,"column":131}},"5":{"start":{"line":4,"column":9},"end":{"line":4,"column":150}},"6":{"start":{"line":4,"column":58},"end":{"line":4,"column":150}},"7":{"start":{"line":4,"column":81},"end":{"line":4,"column":150}},"8":{"start":{"line":5,"column":4},"end":{"line":5,"column":66}},"9":{"start":{"line":7,"column":17},"end":{"line":9,"column":1}},"10":{"start":{"line":8,"column":4},"end":{"line":8,"column":109}},"11":{"start":{"line":8,"column":79},"end":{"line":8,"column":109}},"12":{"start":{"line":10,"column":14},"end":{"line":12,"column":1}},"13":{"start":{"line":11,"column":4},"end":{"line":11,"column":73}},"14":{"start":{"line":11,"column":36},"end":{"line":11,"column":71}},"15":{"start":{"line":13,"column":16},"end":{"line":20,"column":1}},"16":{"start":{"line":14,"column":4},"end":{"line":19,"column":7}},"17":{"start":{"line":15,"column":36},"end":{"line":15,"column":97}},"18":{"start":{"line":15,"column":42},"end":{"line":15,"column":70}},"19":{"start":{"line":15,"column":85},"end":{"line":15,"column":95}},"20":{"start":{"line":16,"column":35},"end":{"line":16,"column":100}},"21":{"start":{"line":16,"column":41},"end":{"line":16,"column":73}},"22":{"start":{"line":16,"column":88},"end":{"line":16,"column":98}},"23":{"start":{"line":17,"column":32},"end":{"line":17,"column":149}},"24":{"start":{"line":17,"column":97},"end":{"line":17,"column":119}},"25":{"start":{"line":18,"column":8},"end":{"line":18,"column":78}},"26":{"start":{"line":24,"column":24},"end":{"line":89,"column":1}},"27":{"start":{"line":26,"column":8},"end":{"line":26,"column":57}},"28":{"start":{"line":29,"column":8},"end":{"line":31,"column":11}},"29":{"start":{"line":30,"column":12},"end":{"line":30,"column":61}},"30":{"start":{"line":34,"column":8},"end":{"line":36,"column":11}},"31":{"start":{"line":35,"column":12},"end":{"line":35,"column":128}},"32":{"start":{"line":39,"column":8},"end":{"line":58,"column":11}},"33":{"start":{"line":40,"column":28},"end":{"line":50,"column":14}},"34":{"start":{"line":51,"column":33},"end":{"line":51,"column":35}},"35":{"start":{"line":52,"column":12},"end":{"line":56,"column":13}},"36":{"start":{"line":53,"column":16},"end":{"line":55,"column":17}},"37":{"start":{"line":54,"column":20},"end":{"line":54,"column":55}},"38":{"start":{"line":57,"column":12},"end":{"line":57,"column":34}},"39":{"start":{"line":61,"column":8},"end":{"line":87,"column":11}},"40":{"start":{"line":62,"column":28},"end":{"line":74,"column":14}},"41":{"start":{"line":75,"column":33},"end":{"line":75,"column":35}},"42":{"start":{"line":76,"column":12},"end":{"line":80,"column":13}},"43":{"start":{"line":77,"column":16},"end":{"line":79,"column":17}},"44":{"start":{"line":78,"column":20},"end":{"line":78,"column":55}},"45":{"start":{"line":81,"column":23},"end":{"line":81,"column":29}},"46":{"start":{"line":82,"column":27},"end":{"line":82,"column":29}},"47":{"start":{"line":83,"column":26},"end":{"line":83,"column":34}},"48":{"start":{"line":84,"column":25},"end":{"line":84,"column":45}},"49":{"start":{"line":85,"column":33},"end":{"line":85,"column":79}},"50":{"start":{"line":86,"column":12},"end":{"line":86,"column":34}},"51":{"start":{"line":90,"column":0},"end":{"line":94,"column":22}}},"fnMap":{"0":{"name":"(anonymous_0)","decl":{"start":{"line":1,"column":46},"end":{"line":1,"column":47}},"loc":{"start":{"line":1,"column":87},"end":{"line":6,"column":1}},"line":1},"1":{"name":"(anonymous_1)","decl":{"start":{"line":7,"column":46},"end":{"line":7,"column":47}},"loc":{"start":{"line":7,"column":62},"end":{"line":9,"column":1}},"line":7},"2":{"name":"(anonymous_2)","decl":{"start":{"line":10,"column":40},"end":{"line":10,"column":41}},"loc":{"start":{"line":10,"column":73},"end":{"line":12,"column":1}},"line":10},"3":{"name":"(anonymous_3)","decl":{"start":{"line":11,"column":11},"end":{"line":11,"column":12}},"loc":{"start":{"line":11,"column":34},"end":{"line":11,"column":73}},"line":11},"4":{"name":"(anonymous_4)","decl":{"start":{"line":13,"column":44},"end":{"line":13,"column":45}},"loc":{"start":{"line":13,"column":89},"end":{"line":20,"column":1}},"line":13},"5":{"name":"(anonymous_5)","decl":{"start":{"line":14,"column":36},"end":{"line":14,"column":37}},"loc":{"start":{"line":14,"column":63},"end":{"line":19,"column":5}},"line":14},"6":{"name":"fulfilled","decl":{"start":{"line":15,"column":17},"end":{"line":15,"column":26}},"loc":{"start":{"line":15,"column":34},"end":{"line":15,"column":99}},"line":15},"7":{"name":"rejected","decl":{"start":{"line":16,"column":17},"end":{"line":16,"column":25}},"loc":{"start":{"line":16,"column":33},"end":{"line":16,"column":102}},"line":16},"8":{"name":"step","decl":{"start":{"line":17,"column":17},"end":{"line":17,"column":21}},"loc":{"start":{"line":17,"column":30},"end":{"line":17,"column":151}},"line":17},"9":{"name":"(anonymous_9)","decl":{"start":{"line":17,"column":76},"end":{"line":17,"column":77}},"loc":{"start":{"line":17,"column":95},"end":{"line":17,"column":121}},"line":17},"10":{"name":"(anonymous_10)","decl":{"start":{"line":25,"column":4},"end":{"line":25,"column":5}},"loc":{"start":{"line":25,"column":38},"end":{"line":27,"column":5}},"line":25},"11":{"name":"(anonymous_11)","decl":{"start":{"line":28,"column":4},"end":{"line":28,"column":5}},"loc":{"start":{"line":28,"column":14},"end":{"line":32,"column":5}},"line":28},"12":{"name":"(anonymous_12)","decl":{"start":{"line":29,"column":47},"end":{"line":29,"column":48}},"loc":{"start":{"line":29,"column":60},"end":{"line":31,"column":9}},"line":29},"13":{"name":"(anonymous_13)","decl":{"start":{"line":33,"column":4},"end":{"line":33,"column":5}},"loc":{"start":{"line":33,"column":29},"end":{"line":37,"column":5}},"line":33},"14":{"name":"(anonymous_14)","decl":{"start":{"line":34,"column":47},"end":{"line":34,"column":48}},"loc":{"start":{"line":34,"column":60},"end":{"line":36,"column":9}},"line":34},"15":{"name":"(anonymous_15)","decl":{"start":{"line":38,"column":4},"end":{"line":38,"column":5}},"loc":{"start":{"line":38,"column":39},"end":{"line":59,"column":5}},"line":38},"16":{"name":"(anonymous_16)","decl":{"start":{"line":39,"column":47},"end":{"line":39,"column":48}},"loc":{"start":{"line":39,"column":60},"end":{"line":58,"column":9}},"line":39},"17":{"name":"(anonymous_17)","decl":{"start":{"line":60,"column":4},"end":{"line":60,"column":5}},"loc":{"start":{"line":60,"column":61},"end":{"line":88,"column":5}},"line":60},"18":{"name":"(anonymous_18)","decl":{"start":{"line":61,"column":47},"end":{"line":61,"column":48}},"loc":{"start":{"line":61,"column":60},"end":{"line":87,"column":9}},"line":61}},"branchMap":{"0":{"loc":{"start":{"line":1,"column":17},"end":{"line":6,"column":1}},"type":"binary-expr","locations":[{"start":{"line":1,"column":18},"end":{"line":1,"column":22}},{"start":{"line":1,"column":26},"end":{"line":1,"column":41}},{"start":{"line":1,"column":46},"end":{"line":6,"column":1}}],"line":1},"1":{"loc":{"start":{"line":2,"column":34},"end":{"line":2,"column":125}},"type":"cond-expr","locations":[{"start":{"line":2,"column":42},"end":{"line":2,"column":48}},{"start":{"line":2,"column":51},"end":{"line":2,"column":125}}],"line":2},"2":{"loc":{"start":{"line":2,"column":51},"end":{"line":2,"column":125}},"type":"cond-expr","locations":[{"start":{"line":2,"column":67},"end":{"line":2,"column":118}},{"start":{"line":2,"column":121},"end":{"line":2,"column":125}}],"line":2},"3":{"loc":{"start":{"line":3,"column":4},"end":{"line":4,"column":150}},"type":"if","locations":[{"start":{"line":3,"column":4},"end":{"line":4,"column":150}},{"start":{"line":3,"column":4},"end":{"line":4,"column":150}}],"line":3},"4":{"loc":{"start":{"line":3,"column":8},"end":{"line":3,"column":77}},"type":"binary-expr","locations":[{"start":{"line":3,"column":8},"end":{"line":3,"column":35}},{"start":{"line":3,"column":39},"end":{"line":3,"column":77}}],"line":3},"5":{"loc":{"start":{"line":4,"column":58},"end":{"line":4,"column":150}},"type":"if","locations":[{"start":{"line":4,"column":58},"end":{"line":4,"column":150}},{"start":{"line":4,"column":58},"end":{"line":4,"column":150}}],"line":4},"6":{"loc":{"start":{"line":4,"column":85},"end":{"line":4,"column":149}},"type":"binary-expr","locations":[{"start":{"line":4,"column":86},"end":{"line":4,"column":143}},{"start":{"line":4,"column":148},"end":{"line":4,"column":149}}],"line":4},"7":{"loc":{"start":{"line":4,"column":86},"end":{"line":4,"column":143}},"type":"cond-expr","locations":[{"start":{"line":4,"column":94},"end":{"line":4,"column":98}},{"start":{"line":4,"column":101},"end":{"line":4,"column":143}}],"line":4},"8":{"loc":{"start":{"line":4,"column":101},"end":{"line":4,"column":143}},"type":"cond-expr","locations":[{"start":{"line":4,"column":109},"end":{"line":4,"column":126}},{"start":{"line":4,"column":129},"end":{"line":4,"column":143}}],"line":4},"9":{"loc":{"start":{"line":5,"column":11},"end":{"line":5,"column":62}},"type":"binary-expr","locations":[{"start":{"line":5,"column":11},"end":{"line":5,"column":16}},{"start":{"line":5,"column":20},"end":{"line":5,"column":21}},{"start":{"line":5,"column":25},"end":{"line":5,"column":62}}],"line":5},"10":{"loc":{"start":{"line":7,"column":17},"end":{"line":9,"column":1}},"type":"binary-expr","locations":[{"start":{"line":7,"column":18},"end":{"line":7,"column":22}},{"start":{"line":7,"column":26},"end":{"line":7,"column":41}},{"start":{"line":7,"column":46},"end":{"line":9,"column":1}}],"line":7},"11":{"loc":{"start":{"line":8,"column":4},"end":{"line":8,"column":109}},"type":"if","locations":[{"start":{"line":8,"column":4},"end":{"line":8,"column":109}},{"start":{"line":8,"column":4},"end":{"line":8,"column":109}}],"line":8},"12":{"loc":{"start":{"line":8,"column":8},"end":{"line":8,"column":77}},"type":"binary-expr","locations":[{"start":{"line":8,"column":8},"end":{"line":8,"column":35}},{"start":{"line":8,"column":39},"end":{"line":8,"column":77}}],"line":8},"13":{"loc":{"start":{"line":10,"column":14},"end":{"line":12,"column":1}},"type":"binary-expr","locations":[{"start":{"line":10,"column":15},"end":{"line":10,"column":19}},{"start":{"line":10,"column":23},"end":{"line":10,"column":35}},{"start":{"line":10,"column":40},"end":{"line":12,"column":1}}],"line":10},"14":{"loc":{"start":{"line":13,"column":16},"end":{"line":20,"column":1}},"type":"binary-expr","locations":[{"start":{"line":13,"column":17},"end":{"line":13,"column":21}},{"start":{"line":13,"column":25},"end":{"line":13,"column":39}},{"start":{"line":13,"column":44},"end":{"line":20,"column":1}}],"line":13},"15":{"loc":{"start":{"line":14,"column":16},"end":{"line":14,"column":34}},"type":"binary-expr","locations":[{"start":{"line":14,"column":16},"end":{"line":14,"column":17}},{"start":{"line":14,"column":22},"end":{"line":14,"column":33}}],"line":14},"16":{"loc":{"start":{"line":17,"column":32},"end":{"line":17,"column":148}},"type":"cond-expr","locations":[{"start":{"line":17,"column":46},"end":{"line":17,"column":67}},{"start":{"line":17,"column":70},"end":{"line":17,"column":148}}],"line":17},"17":{"loc":{"start":{"line":18,"column":51},"end":{"line":18,"column":67}},"type":"binary-expr","locations":[{"start":{"line":18,"column":51},"end":{"line":18,"column":61}},{"start":{"line":18,"column":65},"end":{"line":18,"column":67}}],"line":18}},"s":{"0":1,"1":1,"2":1,"3":1,"4":1,"5":0,"6":0,"7":0,"8":1,"9":1,"10":1,"11":1,"12":1,"13":1,"14":1,"15":1,"16":0,"17":0,"18":0,"19":0,"20":0,"21":0,"22":0,"23":0,"24":0,"25":0,"26":1,"27":0,"28":0,"29":0,"30":0,"31":0,"32":0,"33":0,"34":0,"35":0,"36":0,"37":0,"38":0,"39":0,"40":0,"41":0,"42":0,"43":0,"44":0,"45":0,"46":0,"47":0,"48":0,"49":0,"50":0,"51":1},"f":{"0":1,"1":1,"2":1,"3":1,"4":0,"5":0,"6":0,"7":0,"8":0,"9":0,"10":0,"11":0,"12":0,"13":0,"14":0,"15":0,"16":0,"17":0,"18":0},"b":{"0":[1,0,1],"1":[1,0],"2":[0,0],"3":[1,0],"4":[1,1],"5":[0,0],"6":[0,0],"7":[0,0],"8":[0,0],"9":[1,0,0],"10":[1,0,1],"11":[1,0],"12":[1,1],"13":[1,0,1],"14":[1,0,1],"15":[0,0],"16":[0,0],"17":[0,0]},"inputSourceMap":{"version":3,"file":"candidates.service.js","sourceRoot":"","sources":["candidates.service.ts"],"names":[],"mappings":";;;;;;;;;;;;;;;;;;;;AAAA,OAAO,EAAE,UAAU,EAAE,MAAM,EAAE,MAAM,gBAAgB,CAAC;AAEpD,OAAO,EAAE,UAAU,EAAE,MAAM,kCAAkC,CAAC;AAC9D,OAAO,EAAE,YAAY,EAAE,MAAM,wCAAwC,CAAC;AAGtE,IAAa,iBAAiB,GAA9B;IACE,YACmD,oBAAsC;QAAtC,yBAAoB,GAApB,oBAAoB,CAAkB;IAEtF,CAAC;IAGE,OAAO;;YACX,OAAO,MAAM,IAAI,CAAC,oBAAoB,CAAC,OAAO,EAAa,CAAC;QAC9D,CAAC;KAAA;IAEK,OAAO,CAAC,eAAe;;YAC3B,OAAO,MAAM,IAAI,CAAC,oBAAoB,CAAC,IAAI,CAAC,EAAC,OAAO,EAAE,CAAC,UAAU,CAAC,EAAE,KAAK,EAAE,EAAC,eAAe,EAAE,eAAe,EAAC,EAAC,CAAC,CAAC;QAClH,CAAC;KAAA;IAEK,iBAAiB,CAAC,eAAe;;YACrC,IAAI,SAAS,GAAQ,MAAM,IAAI,CAAC,oBAAoB,CAAC,IAAI,CAAC;gBACtD,KAAK,EAAE,EAAC,eAAe,EAAE,eAAe,EAAC;gBACzC,OAAO,EAAC;oBACN;wBACE,KAAK,EAAE,UAAU,EAAE,OAAO,EAAE,EAAC,UAAU,EAAE,EAAE,EAAC;wBAC5C,OAAO,EAAE;4BACP,EAAC,KAAK,EAAE,YAAY,EAAC;yBACtB;qBACF;iBAAC;aACH,CAAC,CAAC;YACH,IAAI,cAAc,GAAG,EAAE,CAAC;YACxB,KAAI,IAAI,UAAU,IAAI,SAAS,CAAC,WAAW,EAAE;gBAC3C,KAAI,IAAI,aAAa,IAAI,UAAU,CAAC,cAAc,EAAE;oBAClD,cAAc,CAAC,IAAI,CAAC,aAAa,CAAC,CAAC;iBACpC;aAEF;YACD,OAAO,cAAc,CAAC;QAC5B,CAAC;KAAA;IAEK,+BAA+B,CAAC,eAAe,EAAE,MAAM;;YAC3D,IAAI,SAAS,GAAQ,MAAM,IAAI,CAAC,oBAAoB,CAAC,IAAI,CAAC;gBAGtD,KAAK,EAAE,EAAC,eAAe,EAAE,eAAe,EAAC;gBACzC,OAAO,EAAC;oBACN;wBACE,KAAK,EAAE,UAAU,EAAE,OAAO,EAAE,EAAC,UAAU,EAAE,EAAE,EAAC;wBAC5C,OAAO,EAAE;4BACP;gCACE,KAAK,EAAE,YAAY;6BACpB;yBACF;qBACF;iBAAC;aACH,CAAC,CAAC;YACH,IAAI,cAAc,GAAG,EAAE,CAAC;YACxB,KAAI,IAAI,UAAU,IAAI,SAAS,CAAC,WAAW,EAAE;gBAC3C,KAAI,IAAI,aAAa,IAAI,UAAU,CAAC,cAAc,EAAE;oBAClD,cAAc,CAAC,IAAI,CAAC,aAAa,CAAC,CAAC;iBACpC;aAEF;YAED,IAAI,IAAI,GAAG,MAAM,CAAC;YAClB,IAAI,QAAQ,GAAG,EAAE,CAAC;YAElB,IAAI,OAAO,GAAG,QAAQ,CAAC;YACvB,IAAI,MAAM,GAAG,CAAC,IAAI,GAAG,CAAC,CAAC,GAAG,OAAO,CAAC;YAClC,IAAI,cAAc,GAAG,cAAc,CAAC,KAAK,CAAC,MAAM,EAAE,MAAM,GAAG,OAAO,CAAC,CAAC;YAEpE,OAAO,cAAc,CAAC;QAE5B,CAAC;KAAA;CACF,CAAA;AArEY,iBAAiB;IAD7B,UAAU,EAAE;IAGR,WAAA,MAAM,CAAC,sBAAsB,CAAC,CAAA;;GAFtB,iBAAiB,CAqE7B;SArEY,iBAAiB","sourcesContent":["import { Injectable, Inject } from '@nestjs/common';\nimport { Candidate } from './candidate.entity';\nimport { Occupation } from '../occupations/occupation.entity';\nimport { PublicTender } from '../public_tenders/public_tender.entity';\n\n@Injectable()\nexport class CandidatesService {\n  constructor(\n    @Inject('CandidatesRepository') private readonly candidatesRepository: typeof Candidate,\n    //@Inject('PublicTendersRepository') private readonly publicTendersRepository: typeof PublicTender,\n  ) {}\n\n\n  async findAll(): Promise<Candidate[]> {\n    return await this.candidatesRepository.findAll<Candidate>();\n  }\n\n  async findOne(document_number): Promise<Candidate> {\n    return await this.candidatesRepository.find({include: [Occupation], where: {document_number: document_number}});\n  }\n\n  async findPublicTenders(document_number): Promise<String[]> {\n    var candidate: any = await this.candidatesRepository.find({\n        where: {document_number: document_number},\n        include:[\n          {\n            model: Occupation, through: {attributes: []},\n            include: [\n              {model: PublicTender},\n            ]\n          }]\n        });\n        var public_tenders = [];\n        for(var occupation of candidate.occupations) {\n          for(var public_tender of occupation.public_tenders) {\n            public_tenders.push(public_tender);\n          }\n\n        }\n        return public_tenders;\n  }\n\n  async findPublicTendersWithPagination(document_number, number): Promise<String[]> {\n    var candidate: any = await this.candidatesRepository.find({\n        //limit: 1,\n        //offset: 1,\n        where: {document_number: document_number},\n        include:[\n          {\n            model: Occupation, through: {attributes: []},\n            include: [\n              {\n                model: PublicTender\n              }\n            ]\n          }]\n        });\n        var public_tenders = [];\n        for(var occupation of candidate.occupations) {\n          for(var public_tender of occupation.public_tenders) {\n            public_tenders.push(public_tender);\n          }\n\n        }\n\n        var page = number;\n        var numItems = 10;\n\n        var perPage = numItems;\n        var offset = (page - 1) * perPage;\n        var paginatedItems = public_tenders.slice(offset, offset + perPage);\n\n        return paginatedItems;\n\n  }\n}\n"]},"_coverageSchema":"332fd63041d2c1bcb487cc26dd0d5f7d97098a6c","hash":"e12bbddec0ba422e91d7d43882c332ded8c96f3e"}
,"/Users/derickhoganpimenta/Dropbox/Workspace/espm/espm-empregabilidade/src/candidates_occupations/candidate_occupation.entity.ts": {"path":"/Users/derickhoganpimenta/Dropbox/Workspace/espm/espm-empregabilidade/src/candidates_occupations/candidate_occupation.entity.ts","statementMap":{"0":{"start":{"line":1,"column":17},"end":{"line":6,"column":1}},"1":{"start":{"line":2,"column":12},"end":{"line":2,"column":28}},"2":{"start":{"line":2,"column":34},"end":{"line":2,"column":125}},"3":{"start":{"line":3,"column":4},"end":{"line":4,"column":150}},"4":{"start":{"line":3,"column":79},"end":{"line":3,"column":131}},"5":{"start":{"line":4,"column":9},"end":{"line":4,"column":150}},"6":{"start":{"line":4,"column":58},"end":{"line":4,"column":150}},"7":{"start":{"line":4,"column":81},"end":{"line":4,"column":150}},"8":{"start":{"line":5,"column":4},"end":{"line":5,"column":66}},"9":{"start":{"line":7,"column":17},"end":{"line":9,"column":1}},"10":{"start":{"line":8,"column":4},"end":{"line":8,"column":109}},"11":{"start":{"line":8,"column":79},"end":{"line":8,"column":109}},"12":{"start":{"line":13,"column":26},"end":{"line":14,"column":1}},"13":{"start":{"line":15,"column":0},"end":{"line":19,"column":58}},"14":{"start":{"line":16,"column":21},"end":{"line":16,"column":30}},"15":{"start":{"line":20,"column":0},"end":{"line":24,"column":59}},"16":{"start":{"line":21,"column":21},"end":{"line":21,"column":31}},"17":{"start":{"line":25,"column":0},"end":{"line":29,"column":24}}},"fnMap":{"0":{"name":"(anonymous_0)","decl":{"start":{"line":1,"column":46},"end":{"line":1,"column":47}},"loc":{"start":{"line":1,"column":87},"end":{"line":6,"column":1}},"line":1},"1":{"name":"(anonymous_1)","decl":{"start":{"line":7,"column":46},"end":{"line":7,"column":47}},"loc":{"start":{"line":7,"column":62},"end":{"line":9,"column":1}},"line":7},"2":{"name":"(anonymous_2)","decl":{"start":{"line":16,"column":15},"end":{"line":16,"column":16}},"loc":{"start":{"line":16,"column":21},"end":{"line":16,"column":30}},"line":16},"3":{"name":"(anonymous_3)","decl":{"start":{"line":21,"column":15},"end":{"line":21,"column":16}},"loc":{"start":{"line":21,"column":21},"end":{"line":21,"column":31}},"line":21}},"branchMap":{"0":{"loc":{"start":{"line":1,"column":17},"end":{"line":6,"column":1}},"type":"binary-expr","locations":[{"start":{"line":1,"column":18},"end":{"line":1,"column":22}},{"start":{"line":1,"column":26},"end":{"line":1,"column":41}},{"start":{"line":1,"column":46},"end":{"line":6,"column":1}}],"line":1},"1":{"loc":{"start":{"line":2,"column":34},"end":{"line":2,"column":125}},"type":"cond-expr","locations":[{"start":{"line":2,"column":42},"end":{"line":2,"column":48}},{"start":{"line":2,"column":51},"end":{"line":2,"column":125}}],"line":2},"2":{"loc":{"start":{"line":2,"column":51},"end":{"line":2,"column":125}},"type":"cond-expr","locations":[{"start":{"line":2,"column":67},"end":{"line":2,"column":118}},{"start":{"line":2,"column":121},"end":{"line":2,"column":125}}],"line":2},"3":{"loc":{"start":{"line":3,"column":4},"end":{"line":4,"column":150}},"type":"if","locations":[{"start":{"line":3,"column":4},"end":{"line":4,"column":150}},{"start":{"line":3,"column":4},"end":{"line":4,"column":150}}],"line":3},"4":{"loc":{"start":{"line":3,"column":8},"end":{"line":3,"column":77}},"type":"binary-expr","locations":[{"start":{"line":3,"column":8},"end":{"line":3,"column":35}},{"start":{"line":3,"column":39},"end":{"line":3,"column":77}}],"line":3},"5":{"loc":{"start":{"line":4,"column":58},"end":{"line":4,"column":150}},"type":"if","locations":[{"start":{"line":4,"column":58},"end":{"line":4,"column":150}},{"start":{"line":4,"column":58},"end":{"line":4,"column":150}}],"line":4},"6":{"loc":{"start":{"line":4,"column":85},"end":{"line":4,"column":149}},"type":"binary-expr","locations":[{"start":{"line":4,"column":86},"end":{"line":4,"column":143}},{"start":{"line":4,"column":148},"end":{"line":4,"column":149}}],"line":4},"7":{"loc":{"start":{"line":4,"column":86},"end":{"line":4,"column":143}},"type":"cond-expr","locations":[{"start":{"line":4,"column":94},"end":{"line":4,"column":98}},{"start":{"line":4,"column":101},"end":{"line":4,"column":143}}],"line":4},"8":{"loc":{"start":{"line":4,"column":101},"end":{"line":4,"column":143}},"type":"cond-expr","locations":[{"start":{"line":4,"column":109},"end":{"line":4,"column":126}},{"start":{"line":4,"column":129},"end":{"line":4,"column":143}}],"line":4},"9":{"loc":{"start":{"line":5,"column":11},"end":{"line":5,"column":62}},"type":"binary-expr","locations":[{"start":{"line":5,"column":11},"end":{"line":5,"column":16}},{"start":{"line":5,"column":20},"end":{"line":5,"column":21}},{"start":{"line":5,"column":25},"end":{"line":5,"column":62}}],"line":5},"10":{"loc":{"start":{"line":7,"column":17},"end":{"line":9,"column":1}},"type":"binary-expr","locations":[{"start":{"line":7,"column":18},"end":{"line":7,"column":22}},{"start":{"line":7,"column":26},"end":{"line":7,"column":41}},{"start":{"line":7,"column":46},"end":{"line":9,"column":1}}],"line":7},"11":{"loc":{"start":{"line":8,"column":4},"end":{"line":8,"column":109}},"type":"if","locations":[{"start":{"line":8,"column":4},"end":{"line":8,"column":109}},{"start":{"line":8,"column":4},"end":{"line":8,"column":109}}],"line":8},"12":{"loc":{"start":{"line":8,"column":8},"end":{"line":8,"column":77}},"type":"binary-expr","locations":[{"start":{"line":8,"column":8},"end":{"line":8,"column":35}},{"start":{"line":8,"column":39},"end":{"line":8,"column":77}}],"line":8}},"s":{"0":2,"1":6,"2":6,"3":6,"4":6,"5":0,"6":0,"7":0,"8":6,"9":2,"10":4,"11":4,"12":2,"13":2,"14":0,"15":2,"16":0,"17":2},"f":{"0":6,"1":4,"2":0,"3":0},"b":{"0":[2,0,2],"1":[2,4],"2":[0,4],"3":[6,0],"4":[6,6],"5":[0,0],"6":[0,0],"7":[0,0],"8":[0,0],"9":[6,4,0],"10":[2,0,2],"11":[4,0],"12":[4,4]},"inputSourceMap":{"version":3,"file":"candidate_occupation.entity.js","sourceRoot":"","sources":["candidate_occupation.entity.ts"],"names":[],"mappings":";;;;;;;;;AAAA,OAAO,EAAE,KAAK,EAAE,MAAM,EAAE,KAAK,EAAE,UAAU,EAAE,MAAM,sBAAsB,CAAC;AACxE,OAAO,EAAE,SAAS,EAAE,MAAM,gCAAgC,CAAC;AAC3D,OAAO,EAAE,UAAU,EAAE,MAAM,kCAAkC,CAAC;AAM9D,IAAa,mBAAmB,GAAhC,yBAAiC,SAAQ,KAA0B;CAQlE,CAAA;AALC;IAFC,UAAU,CAAC,GAAG,EAAE,CAAC,SAAS,CAAC;IAC3B,MAAM;;yDACc;AAIrB;IAFC,UAAU,CAAC,GAAG,EAAE,CAAC,UAAU,CAAC;IAC5B,MAAM;;0DACe;AAPX,mBAAmB;IAJ/B,KAAK,CAAC;QACL,SAAS,EAAE,wBAAwB;KACpC,CAAC;GAEW,mBAAmB,CAQ/B;SARY,mBAAmB","sourcesContent":["import { Table, Column, Model, ForeignKey } from 'sequelize-typescript';\nimport { Candidate } from '../candidates/candidate.entity';\nimport { Occupation } from '../occupations/occupation.entity';\n\n@Table({\n  tableName: \"candidates_occupations\"\n})\n\nexport class CandidateOccupation extends Model<CandidateOccupation> {\n  @ForeignKey(() => Candidate)\n  @Column\n  candidate_id: number;\n\n  @ForeignKey(() => Occupation)\n  @Column\n  occupation_id: number;\n}\n"]},"_coverageSchema":"332fd63041d2c1bcb487cc26dd0d5f7d97098a6c","hash":"da4b213c3530d44aa00ea0c5f4ba49cb50d4accd"}
,"/Users/derickhoganpimenta/Dropbox/Workspace/espm/espm-empregabilidade/src/occupations/occupation.entity.ts": {"path":"/Users/derickhoganpimenta/Dropbox/Workspace/espm/espm-empregabilidade/src/occupations/occupation.entity.ts","statementMap":{"0":{"start":{"line":1,"column":17},"end":{"line":6,"column":1}},"1":{"start":{"line":2,"column":12},"end":{"line":2,"column":28}},"2":{"start":{"line":2,"column":34},"end":{"line":2,"column":125}},"3":{"start":{"line":3,"column":4},"end":{"line":4,"column":150}},"4":{"start":{"line":3,"column":79},"end":{"line":3,"column":131}},"5":{"start":{"line":4,"column":9},"end":{"line":4,"column":150}},"6":{"start":{"line":4,"column":58},"end":{"line":4,"column":150}},"7":{"start":{"line":4,"column":81},"end":{"line":4,"column":150}},"8":{"start":{"line":5,"column":4},"end":{"line":5,"column":66}},"9":{"start":{"line":7,"column":17},"end":{"line":9,"column":1}},"10":{"start":{"line":8,"column":4},"end":{"line":8,"column":109}},"11":{"start":{"line":8,"column":79},"end":{"line":8,"column":109}},"12":{"start":{"line":15,"column":17},"end":{"line":16,"column":1}},"13":{"start":{"line":17,"column":0},"end":{"line":20,"column":47}},"14":{"start":{"line":18,"column":24},"end":{"line":18,"column":33}},"15":{"start":{"line":18,"column":41},"end":{"line":18,"column":60}},"16":{"start":{"line":21,"column":0},"end":{"line":24,"column":51}},"17":{"start":{"line":22,"column":24},"end":{"line":22,"column":36}},"18":{"start":{"line":22,"column":44},"end":{"line":22,"column":66}},"19":{"start":{"line":25,"column":0},"end":{"line":28,"column":41}},"20":{"start":{"line":29,"column":0},"end":{"line":33,"column":15}}},"fnMap":{"0":{"name":"(anonymous_0)","decl":{"start":{"line":1,"column":46},"end":{"line":1,"column":47}},"loc":{"start":{"line":1,"column":87},"end":{"line":6,"column":1}},"line":1},"1":{"name":"(anonymous_1)","decl":{"start":{"line":7,"column":46},"end":{"line":7,"column":47}},"loc":{"start":{"line":7,"column":62},"end":{"line":9,"column":1}},"line":7},"2":{"name":"(anonymous_2)","decl":{"start":{"line":18,"column":18},"end":{"line":18,"column":19}},"loc":{"start":{"line":18,"column":24},"end":{"line":18,"column":33}},"line":18},"3":{"name":"(anonymous_3)","decl":{"start":{"line":18,"column":35},"end":{"line":18,"column":36}},"loc":{"start":{"line":18,"column":41},"end":{"line":18,"column":60}},"line":18},"4":{"name":"(anonymous_4)","decl":{"start":{"line":22,"column":18},"end":{"line":22,"column":19}},"loc":{"start":{"line":22,"column":24},"end":{"line":22,"column":36}},"line":22},"5":{"name":"(anonymous_5)","decl":{"start":{"line":22,"column":38},"end":{"line":22,"column":39}},"loc":{"start":{"line":22,"column":44},"end":{"line":22,"column":66}},"line":22}},"branchMap":{"0":{"loc":{"start":{"line":1,"column":17},"end":{"line":6,"column":1}},"type":"binary-expr","locations":[{"start":{"line":1,"column":18},"end":{"line":1,"column":22}},{"start":{"line":1,"column":26},"end":{"line":1,"column":41}},{"start":{"line":1,"column":46},"end":{"line":6,"column":1}}],"line":1},"1":{"loc":{"start":{"line":2,"column":34},"end":{"line":2,"column":125}},"type":"cond-expr","locations":[{"start":{"line":2,"column":42},"end":{"line":2,"column":48}},{"start":{"line":2,"column":51},"end":{"line":2,"column":125}}],"line":2},"2":{"loc":{"start":{"line":2,"column":51},"end":{"line":2,"column":125}},"type":"cond-expr","locations":[{"start":{"line":2,"column":67},"end":{"line":2,"column":118}},{"start":{"line":2,"column":121},"end":{"line":2,"column":125}}],"line":2},"3":{"loc":{"start":{"line":3,"column":4},"end":{"line":4,"column":150}},"type":"if","locations":[{"start":{"line":3,"column":4},"end":{"line":4,"column":150}},{"start":{"line":3,"column":4},"end":{"line":4,"column":150}}],"line":3},"4":{"loc":{"start":{"line":3,"column":8},"end":{"line":3,"column":77}},"type":"binary-expr","locations":[{"start":{"line":3,"column":8},"end":{"line":3,"column":35}},{"start":{"line":3,"column":39},"end":{"line":3,"column":77}}],"line":3},"5":{"loc":{"start":{"line":4,"column":58},"end":{"line":4,"column":150}},"type":"if","locations":[{"start":{"line":4,"column":58},"end":{"line":4,"column":150}},{"start":{"line":4,"column":58},"end":{"line":4,"column":150}}],"line":4},"6":{"loc":{"start":{"line":4,"column":85},"end":{"line":4,"column":149}},"type":"binary-expr","locations":[{"start":{"line":4,"column":86},"end":{"line":4,"column":143}},{"start":{"line":4,"column":148},"end":{"line":4,"column":149}}],"line":4},"7":{"loc":{"start":{"line":4,"column":86},"end":{"line":4,"column":143}},"type":"cond-expr","locations":[{"start":{"line":4,"column":94},"end":{"line":4,"column":98}},{"start":{"line":4,"column":101},"end":{"line":4,"column":143}}],"line":4},"8":{"loc":{"start":{"line":4,"column":101},"end":{"line":4,"column":143}},"type":"cond-expr","locations":[{"start":{"line":4,"column":109},"end":{"line":4,"column":126}},{"start":{"line":4,"column":129},"end":{"line":4,"column":143}}],"line":4},"9":{"loc":{"start":{"line":5,"column":11},"end":{"line":5,"column":62}},"type":"binary-expr","locations":[{"start":{"line":5,"column":11},"end":{"line":5,"column":16}},{"start":{"line":5,"column":20},"end":{"line":5,"column":21}},{"start":{"line":5,"column":25},"end":{"line":5,"column":62}}],"line":5},"10":{"loc":{"start":{"line":7,"column":17},"end":{"line":9,"column":1}},"type":"binary-expr","locations":[{"start":{"line":7,"column":18},"end":{"line":7,"column":22}},{"start":{"line":7,"column":26},"end":{"line":7,"column":41}},{"start":{"line":7,"column":46},"end":{"line":9,"column":1}}],"line":7},"11":{"loc":{"start":{"line":8,"column":4},"end":{"line":8,"column":109}},"type":"if","locations":[{"start":{"line":8,"column":4},"end":{"line":8,"column":109}},{"start":{"line":8,"column":4},"end":{"line":8,"column":109}}],"line":8},"12":{"loc":{"start":{"line":8,"column":8},"end":{"line":8,"column":77}},"type":"binary-expr","locations":[{"start":{"line":8,"column":8},"end":{"line":8,"column":35}},{"start":{"line":8,"column":39},"end":{"line":8,"column":77}}],"line":8}},"s":{"0":2,"1":8,"2":8,"3":8,"4":8,"5":0,"6":0,"7":0,"8":8,"9":2,"10":6,"11":6,"12":2,"13":2,"14":0,"15":0,"16":2,"17":0,"18":0,"19":2,"20":2},"f":{"0":8,"1":6,"2":0,"3":0,"4":0,"5":0},"b":{"0":[2,0,2],"1":[2,6],"2":[0,6],"3":[8,0],"4":[8,8],"5":[0,0],"6":[0,0],"7":[0,0],"8":[0,0],"9":[8,6,0],"10":[2,0,2],"11":[6,0],"12":[6,6]},"inputSourceMap":{"version":3,"file":"occupation.entity.js","sourceRoot":"","sources":["occupation.entity.ts"],"names":[],"mappings":";;;;;;;;;AAAA,OAAO,EAAE,KAAK,EAAE,MAAM,EAAE,KAAK,EAAE,aAAa,EAAE,MAAM,sBAAsB,CAAC;AAC3E,OAAO,EAAE,SAAS,EAAE,MAAM,gCAAgC,CAAC;AAC3D,OAAO,EAAE,mBAAmB,EAAE,MAAM,uDAAuD,CAAC;AAC5F,OAAO,EAAE,YAAY,EAAE,MAAM,wCAAwC,CAAC;AACtE,OAAO,EAAE,sBAAsB,EAAE,MAAM,+DAA+D,CAAC;AAMvG,IAAa,UAAU,GAAvB,gBAAwB,SAAQ,KAAiB;CAQhD,CAAA;AANC;IADC,aAAa,CAAC,GAAG,EAAE,CAAC,SAAS,EAAE,GAAG,EAAE,CAAC,mBAAmB,CAAC;;8CAClC;AAGxB;IADC,aAAa,CAAC,GAAG,EAAE,CAAC,YAAY,EAAE,GAAG,EAAE,CAAC,sBAAsB,CAAC;;kDACjC;AAEvB;IAAP,MAAM;;wCAAc;AAPV,UAAU;IAJtB,KAAK,CAAC;QACL,SAAS,EAAE,aAAa;KACzB,CAAC;GAEW,UAAU,CAQtB;SARY,UAAU","sourcesContent":["import { Table, Column, Model, BelongsToMany } from 'sequelize-typescript';\nimport { Candidate } from '../candidates/candidate.entity';\nimport { CandidateOccupation } from '../candidates_occupations/candidate_occupation.entity';\nimport { PublicTender } from '../public_tenders/public_tender.entity';\nimport { PublicTenderOccupation } from '../public_tenders_occupations/public_tender_occupation.entity';\n\n@Table({\n  tableName: \"occupations\"\n})\n\nexport class Occupation extends Model<Occupation> {\n  @BelongsToMany(() => Candidate, () => CandidateOccupation)\n  candidates: Candidate[];\n\n  @BelongsToMany(() => PublicTender, () => PublicTenderOccupation)\n  public_tenders: PublicTender[];\n\n  @Column name: string;\n}\n"]},"_coverageSchema":"332fd63041d2c1bcb487cc26dd0d5f7d97098a6c","hash":"03a3d9517daa330a58c2dbaf735424f4d80d274e"}
,"/Users/derickhoganpimenta/Dropbox/Workspace/espm/espm-empregabilidade/src/public_tenders/public_tender.entity.ts": {"path":"/Users/derickhoganpimenta/Dropbox/Workspace/espm/espm-empregabilidade/src/public_tenders/public_tender.entity.ts","statementMap":{"0":{"start":{"line":1,"column":17},"end":{"line":6,"column":1}},"1":{"start":{"line":2,"column":12},"end":{"line":2,"column":28}},"2":{"start":{"line":2,"column":34},"end":{"line":2,"column":125}},"3":{"start":{"line":3,"column":4},"end":{"line":4,"column":150}},"4":{"start":{"line":3,"column":79},"end":{"line":3,"column":131}},"5":{"start":{"line":4,"column":9},"end":{"line":4,"column":150}},"6":{"start":{"line":4,"column":58},"end":{"line":4,"column":150}},"7":{"start":{"line":4,"column":81},"end":{"line":4,"column":150}},"8":{"start":{"line":5,"column":4},"end":{"line":5,"column":66}},"9":{"start":{"line":7,"column":17},"end":{"line":9,"column":1}},"10":{"start":{"line":8,"column":4},"end":{"line":8,"column":109}},"11":{"start":{"line":8,"column":79},"end":{"line":8,"column":109}},"12":{"start":{"line":13,"column":19},"end":{"line":14,"column":1}},"13":{"start":{"line":15,"column":0},"end":{"line":18,"column":50}},"14":{"start":{"line":16,"column":24},"end":{"line":16,"column":34}},"15":{"start":{"line":16,"column":42},"end":{"line":16,"column":64}},"16":{"start":{"line":19,"column":0},"end":{"line":22,"column":49}},"17":{"start":{"line":23,"column":0},"end":{"line":26,"column":54}},"18":{"start":{"line":27,"column":0},"end":{"line":30,"column":43}},"19":{"start":{"line":31,"column":0},"end":{"line":35,"column":17}}},"fnMap":{"0":{"name":"(anonymous_0)","decl":{"start":{"line":1,"column":46},"end":{"line":1,"column":47}},"loc":{"start":{"line":1,"column":87},"end":{"line":6,"column":1}},"line":1},"1":{"name":"(anonymous_1)","decl":{"start":{"line":7,"column":46},"end":{"line":7,"column":47}},"loc":{"start":{"line":7,"column":62},"end":{"line":9,"column":1}},"line":7},"2":{"name":"(anonymous_2)","decl":{"start":{"line":16,"column":18},"end":{"line":16,"column":19}},"loc":{"start":{"line":16,"column":24},"end":{"line":16,"column":34}},"line":16},"3":{"name":"(anonymous_3)","decl":{"start":{"line":16,"column":36},"end":{"line":16,"column":37}},"loc":{"start":{"line":16,"column":42},"end":{"line":16,"column":64}},"line":16}},"branchMap":{"0":{"loc":{"start":{"line":1,"column":17},"end":{"line":6,"column":1}},"type":"binary-expr","locations":[{"start":{"line":1,"column":18},"end":{"line":1,"column":22}},{"start":{"line":1,"column":26},"end":{"line":1,"column":41}},{"start":{"line":1,"column":46},"end":{"line":6,"column":1}}],"line":1},"1":{"loc":{"start":{"line":2,"column":34},"end":{"line":2,"column":125}},"type":"cond-expr","locations":[{"start":{"line":2,"column":42},"end":{"line":2,"column":48}},{"start":{"line":2,"column":51},"end":{"line":2,"column":125}}],"line":2},"2":{"loc":{"start":{"line":2,"column":51},"end":{"line":2,"column":125}},"type":"cond-expr","locations":[{"start":{"line":2,"column":67},"end":{"line":2,"column":118}},{"start":{"line":2,"column":121},"end":{"line":2,"column":125}}],"line":2},"3":{"loc":{"start":{"line":3,"column":4},"end":{"line":4,"column":150}},"type":"if","locations":[{"start":{"line":3,"column":4},"end":{"line":4,"column":150}},{"start":{"line":3,"column":4},"end":{"line":4,"column":150}}],"line":3},"4":{"loc":{"start":{"line":3,"column":8},"end":{"line":3,"column":77}},"type":"binary-expr","locations":[{"start":{"line":3,"column":8},"end":{"line":3,"column":35}},{"start":{"line":3,"column":39},"end":{"line":3,"column":77}}],"line":3},"5":{"loc":{"start":{"line":4,"column":58},"end":{"line":4,"column":150}},"type":"if","locations":[{"start":{"line":4,"column":58},"end":{"line":4,"column":150}},{"start":{"line":4,"column":58},"end":{"line":4,"column":150}}],"line":4},"6":{"loc":{"start":{"line":4,"column":85},"end":{"line":4,"column":149}},"type":"binary-expr","locations":[{"start":{"line":4,"column":86},"end":{"line":4,"column":143}},{"start":{"line":4,"column":148},"end":{"line":4,"column":149}}],"line":4},"7":{"loc":{"start":{"line":4,"column":86},"end":{"line":4,"column":143}},"type":"cond-expr","locations":[{"start":{"line":4,"column":94},"end":{"line":4,"column":98}},{"start":{"line":4,"column":101},"end":{"line":4,"column":143}}],"line":4},"8":{"loc":{"start":{"line":4,"column":101},"end":{"line":4,"column":143}},"type":"cond-expr","locations":[{"start":{"line":4,"column":109},"end":{"line":4,"column":126}},{"start":{"line":4,"column":129},"end":{"line":4,"column":143}}],"line":4},"9":{"loc":{"start":{"line":5,"column":11},"end":{"line":5,"column":62}},"type":"binary-expr","locations":[{"start":{"line":5,"column":11},"end":{"line":5,"column":16}},{"start":{"line":5,"column":20},"end":{"line":5,"column":21}},{"start":{"line":5,"column":25},"end":{"line":5,"column":62}}],"line":5},"10":{"loc":{"start":{"line":7,"column":17},"end":{"line":9,"column":1}},"type":"binary-expr","locations":[{"start":{"line":7,"column":18},"end":{"line":7,"column":22}},{"start":{"line":7,"column":26},"end":{"line":7,"column":41}},{"start":{"line":7,"column":46},"end":{"line":9,"column":1}}],"line":7},"11":{"loc":{"start":{"line":8,"column":4},"end":{"line":8,"column":109}},"type":"if","locations":[{"start":{"line":8,"column":4},"end":{"line":8,"column":109}},{"start":{"line":8,"column":4},"end":{"line":8,"column":109}}],"line":8},"12":{"loc":{"start":{"line":8,"column":8},"end":{"line":8,"column":77}},"type":"binary-expr","locations":[{"start":{"line":8,"column":8},"end":{"line":8,"column":35}},{"start":{"line":8,"column":39},"end":{"line":8,"column":77}}],"line":8}},"s":{"0":2,"1":10,"2":10,"3":10,"4":10,"5":0,"6":0,"7":0,"8":10,"9":2,"10":8,"11":8,"12":2,"13":2,"14":0,"15":0,"16":2,"17":2,"18":2,"19":2},"f":{"0":10,"1":8,"2":0,"3":0},"b":{"0":[2,0,2],"1":[2,8],"2":[0,8],"3":[10,0],"4":[10,10],"5":[0,0],"6":[0,0],"7":[0,0],"8":[0,0],"9":[10,8,0],"10":[2,0,2],"11":[8,0],"12":[8,8]},"inputSourceMap":{"version":3,"file":"public_tender.entity.js","sourceRoot":"","sources":["public_tender.entity.ts"],"names":[],"mappings":";;;;;;;;;AAAA,OAAO,EAAE,KAAK,EAAE,MAAM,EAAE,KAAK,EAAE,QAAQ,EAAE,aAAa,EAAE,MAAM,sBAAsB,CAAC;AACrF,OAAO,EAAE,sBAAsB,EAAE,MAAM,+DAA+D,CAAC;AACvG,OAAO,EAAE,UAAU,EAAE,MAAM,kCAAkC,CAAC;AAK9D,IAAa,YAAY,GAAzB,kBAA0B,SAAQ,KAAmB;CASpD,CAAA;AAPC;IADC,aAAa,CAAC,GAAG,EAAE,CAAC,UAAU,EAAE,GAAG,EAAE,CAAC,sBAAsB,CAAC;;iDACpC;AAElB;IAAP,MAAM;;gDAAoB;AAEW;IAArC,MAAM,CAAC,EAAE,IAAI,EAAE,QAAQ,CAAC,MAAM,CAAC,EAAE,CAAC,EAAC,CAAC;;qDAAyB;AAEtD;IAAP,MAAM;;0CAAc;AARV,YAAY;IAHxB,KAAK,CAAC;QACL,SAAS,EAAE,gBAAgB;KAC5B,CAAC;GACW,YAAY,CASxB;SATY,YAAY","sourcesContent":["import { Table, Column, Model, DataType, BelongsToMany } from 'sequelize-typescript';\nimport { PublicTenderOccupation } from '../public_tenders_occupations/public_tender_occupation.entity';\nimport { Occupation } from '../occupations/occupation.entity';\n\n@Table({\n  tableName: \"public_tenders\"\n})\nexport class PublicTender extends Model<PublicTender> {\n  @BelongsToMany(() => Occupation, () => PublicTenderOccupation)\n  occupations: Occupation[];\n\n  @Column department: string;\n\n  @Column({ type: DataType.STRING(45)}) document_number: string;\n\n  @Column code: string;\n}\n"]},"_coverageSchema":"332fd63041d2c1bcb487cc26dd0d5f7d97098a6c","hash":"cedc94233b2e9238dab023c418188406bf1c0740"}
,"/Users/derickhoganpimenta/Dropbox/Workspace/espm/espm-empregabilidade/src/public_tenders/public_tenders.controller.ts": {"path":"/Users/derickhoganpimenta/Dropbox/Workspace/espm/espm-empregabilidade/src/public_tenders/public_tenders.controller.ts","statementMap":{"0":{"start":{"line":1,"column":17},"end":{"line":6,"column":1}},"1":{"start":{"line":2,"column":12},"end":{"line":2,"column":28}},"2":{"start":{"line":2,"column":34},"end":{"line":2,"column":125}},"3":{"start":{"line":3,"column":4},"end":{"line":4,"column":150}},"4":{"start":{"line":3,"column":79},"end":{"line":3,"column":131}},"5":{"start":{"line":4,"column":9},"end":{"line":4,"column":150}},"6":{"start":{"line":4,"column":58},"end":{"line":4,"column":150}},"7":{"start":{"line":4,"column":81},"end":{"line":4,"column":150}},"8":{"start":{"line":5,"column":4},"end":{"line":5,"column":66}},"9":{"start":{"line":7,"column":17},"end":{"line":9,"column":1}},"10":{"start":{"line":8,"column":4},"end":{"line":8,"column":109}},"11":{"start":{"line":8,"column":79},"end":{"line":8,"column":109}},"12":{"start":{"line":10,"column":14},"end":{"line":12,"column":1}},"13":{"start":{"line":11,"column":4},"end":{"line":11,"column":73}},"14":{"start":{"line":11,"column":36},"end":{"line":11,"column":71}},"15":{"start":{"line":13,"column":16},"end":{"line":20,"column":1}},"16":{"start":{"line":14,"column":4},"end":{"line":19,"column":7}},"17":{"start":{"line":15,"column":36},"end":{"line":15,"column":97}},"18":{"start":{"line":15,"column":42},"end":{"line":15,"column":70}},"19":{"start":{"line":15,"column":85},"end":{"line":15,"column":95}},"20":{"start":{"line":16,"column":35},"end":{"line":16,"column":100}},"21":{"start":{"line":16,"column":41},"end":{"line":16,"column":73}},"22":{"start":{"line":16,"column":88},"end":{"line":16,"column":98}},"23":{"start":{"line":17,"column":32},"end":{"line":17,"column":149}},"24":{"start":{"line":17,"column":97},"end":{"line":17,"column":119}},"25":{"start":{"line":18,"column":8},"end":{"line":18,"column":78}},"26":{"start":{"line":24,"column":30},"end":{"line":48,"column":1}},"27":{"start":{"line":26,"column":8},"end":{"line":26,"column":57}},"28":{"start":{"line":29,"column":8},"end":{"line":31,"column":11}},"29":{"start":{"line":30,"column":12},"end":{"line":30,"column":61}},"30":{"start":{"line":34,"column":8},"end":{"line":36,"column":11}},"31":{"start":{"line":35,"column":12},"end":{"line":35,"column":72}},"32":{"start":{"line":39,"column":8},"end":{"line":41,"column":11}},"33":{"start":{"line":40,"column":12},"end":{"line":40,"column":79}},"34":{"start":{"line":44,"column":8},"end":{"line":46,"column":11}},"35":{"start":{"line":45,"column":12},"end":{"line":45,"column":108}},"36":{"start":{"line":49,"column":0},"end":{"line":54,"column":55}},"37":{"start":{"line":55,"column":0},"end":{"line":61,"column":55}},"38":{"start":{"line":62,"column":0},"end":{"line":68,"column":62}},"39":{"start":{"line":69,"column":0},"end":{"line":75,"column":76}},"40":{"start":{"line":76,"column":0},"end":{"line":79,"column":28}}},"fnMap":{"0":{"name":"(anonymous_0)","decl":{"start":{"line":1,"column":46},"end":{"line":1,"column":47}},"loc":{"start":{"line":1,"column":87},"end":{"line":6,"column":1}},"line":1},"1":{"name":"(anonymous_1)","decl":{"start":{"line":7,"column":46},"end":{"line":7,"column":47}},"loc":{"start":{"line":7,"column":62},"end":{"line":9,"column":1}},"line":7},"2":{"name":"(anonymous_2)","decl":{"start":{"line":10,"column":40},"end":{"line":10,"column":41}},"loc":{"start":{"line":10,"column":73},"end":{"line":12,"column":1}},"lin
[...]
nonymous_2)","decl":{"start":{"line":10,"column":40},"end":{"line":10,"column":41}},"loc":{"start":{"line":10,"column":73},"end":{"line":12,"column":1}},"line":10},"3":{"name":"(anonymous_3)","decl":{"start":{"line":11,"column":11},"end":{"line":11,"column":12}},"loc":{"start":{"line":11,"column":34},"end":{"line":11,"column":73}},"line":11},"4":{"name":"(anonymous_4)","decl":{"start":{"line":13,"column":44},"end":{"line":13,"column":45}},"loc":{"start":{"line":13,"column":89},"end":{"line":20,"column":1}},"line":13},"5":{"name":"(anonymous_5)","decl":{"start":{"line":14,"column":36},"end":{"line":14,"column":37}},"loc":{"start":{"line":14,"column":63},"end":{"line":19,"column":5}},"line":14},"6":{"name":"fulfilled","decl":{"start":{"line":15,"column":17},"end":{"line":15,"column":26}},"loc":{"start":{"line":15,"column":34},"end":{"line":15,"column":99}},"line":15},"7":{"name":"rejected","decl":{"start":{"line":16,"column":17},"end":{"line":16,"column":25}},"loc":{"start":{"line":16,"column":33},"end":{"line":16,"column":102}},"line":16},"8":{"name":"step","decl":{"start":{"line":17,"column":17},"end":{"line":17,"column":21}},"loc":{"start":{"line":17,"column":30},"end":{"line":17,"column":151}},"line":17},"9":{"name":"(anonymous_9)","decl":{"start":{"line":17,"column":76},"end":{"line":17,"column":77}},"loc":{"start":{"line":17,"column":95},"end":{"line":17,"column":121}},"line":17},"10":{"name":"(anonymous_10)","decl":{"start":{"line":25,"column":4},"end":{"line":25,"column":5}},"loc":{"start":{"line":25,"column":41},"end":{"line":27,"column":5}},"line":25},"11":{"name":"(anonymous_11)","decl":{"start":{"line":28,"column":4},"end":{"line":28,"column":5}},"loc":{"start":{"line":28,"column":14},"end":{"line":32,"column":5}},"line":28},"12":{"name":"(anonymous_12)","decl":{"start":{"line":29,"column":47},"end":{"line":29,"column":48}},"loc":{"start":{"line":29,"column":60},"end":{"line":31,"column":9}},"line":29},"13":{"name":"(anonymous_13)","decl":{"start":{"line":33,"column":4},"end":{"line":33,"column":5}},"loc":{"start":{"line":33,"column":18},"end":{"line":37,"column":5}},"line":33},"14":{"name":"(anonymous_14)","decl":{"start":{"line":34,"column":47},"end":{"line":34,"column":48}},"loc":{"start":{"line":34,"column":60},"end":{"line":36,"column":9}},"line":34},"15":{"name":"(anonymous_15)","decl":{"start":{"line":38,"column":4},"end":{"line":38,"column":5}},"loc":{"start":{"line":38,"column":25},"end":{"line":59,"column":5}},"line":38},"16":{"name":"(anonymous_16)","decl":{"start":{"line":39,"column":47},"end":{"line":39,"column":48}},"loc":{"start":{"line":39,"column":60},"end":{"line":58,"column":9}},"line":39},"17":{"name":"(anonymous_17)","decl":{"start":{"line":60,"column":4},"end":{"line":60,"column":5}},"loc":{"start":{"line":60,"column":47},"end":{"line":86,"column":5}},"line":60},"18":{"name":"(anonymous_18)","decl":{"start":{"line":61,"column":47},"end":{"line":61,"column":48}},"loc":{"start":{"line":61,"column":60},"end":{"line":85,"column":9}},"line":61}},"branchMap":{"0":{"loc":{"start":{"line":1,"column":17},"end":{"line":6,"column":1}},"type":"binary-expr","locations":[{"start":{"line":1,"column":18},"end":{"line":1,"column":22}},{"start":{"line":1,"column":26},"end":{"line":1,"column":41}},{"start":{"line":1,"column":46},"end":{"line":6,"column":1}}],"line":1},"1":{"loc":{"start":{"line":2,"column":34},"end":{"line":2,"column":125}},"type":"cond-expr","locations":[{"start":{"line":2,"column":42},"end":{"line":2,"column":48}},{"start":{"line":2,"column":51},"end":{"line":2,"column":125}}],"line":2},"2":{"loc":{"start":{"line":2,"column":51},"end":{"line":2,"column":125}},"type":"cond-expr","locations":[{"start":{"line":2,"column":67},"end":{"line":2,"column":118}},{"start":{"line":2,"column":121},"end":{"line":2,"column":125}}],"line":2},"3":{"loc":{"start":{"line":3,"column":4},"end":{"line":4,"column":150}},"type":"if","locations":[{"start":{"line":3,"column":4},"end":{"line":4,"column":150}},{"start":{"line":3,"column":4},"end":{"line":4,"column":150}}],"line":3},"4":{"loc":{"start":{"line":3,"column":8},"end":{"line":3,"column":77}},"type":"binary-expr","locations":[{"start":{"line":3,"column":8},"end":{"line":3,"column":35}},{"start":{"line":3,"column":39},"end":{"line":3,"column":77}}],"line":3},"5":{"loc":{"start":{"line":4,"column":58},"end":{"line":4,"column":150}},"type":"if","locations":[{"start":{"line":4,"column":58},"end":{"line":4,"column":150}},{"start":{"line":4,"column":58},"end":{"line":4,"column":150}}],"line":4},"6":{"loc":{"start":{"line":4,"column":85},"end":{"line":4,"column":149}},"type":"binary-expr","locations":[{"start":{"line":4,"column":86},"end":{"line":4,"column":143}},{"start":{"line":4,"column":148},"end":{"line":4,"column":149}}],"line":4},"7":{"loc":{"start":{"line":4,"column":86},"end":{"line":4,"column":143}},"type":"cond-expr","locations":[{"start":{"line":4,"column":94},"end":{"line":4,"column":98}},{"start":{"line":4,"column":101},"end":{"line":4,"column":143}}],"line":4},"8":{"loc":{"start":{"line":4,"column":101},"end":{"line":4,"column":143}},"type":"cond-expr","locations":[{"start":{"line":4,"column":109},"end":{"line":4,"column":126}},{"start":{"line":4,"column":129},"end":{"line":4,"column":143}}],"line":4},"9":{"loc":{"start":{"line":5,"column":11},"end":{"line":5,"column":62}},"type":"binary-expr","locations":[{"start":{"line":5,"column":11},"end":{"line":5,"column":16}},{"start":{"line":5,"column":20},"end":{"line":5,"column":21}},{"start":{"line":5,"column":25},"end":{"line":5,"column":62}}],"line":5},"10":{"loc":{"start":{"line":7,"column":17},"end":{"line":9,"column":1}},"type":"binary-expr","locations":[{"start":{"line":7,"column":18},"end":{"line":7,"column":22}},{"start":{"line":7,"column":26},"end":{"line":7,"column":41}},{"start":{"line":7,"column":46},"end":{"line":9,"column":1}}],"line":7},"11":{"loc":{"start":{"line":8,"column":4},"end":{"line":8,"column":109}},"type":"if","locations":[{"start":{"line":8,"column":4},"end":{"line":8,"column":109}},{"start":{"line":8,"column":4},"end":{"line":8,"column":109}}],"line":8},"12":{"loc":{"start":{"line":8,"column":8},"end":{"line":8,"column":77}},"type":"binary-expr","locations":[{"start":{"line":8,"column":8},"end":{"line":8,"column":35}},{"start":{"line":8,"column":39},"end":{"line":8,"column":77}}],"line":8},"13":{"loc":{"start":{"line":10,"column":14},"end":{"line":12,"column":1}},"type":"binary-expr","locations":[{"start":{"line":10,"column":15},"end":{"line":10,"column":19}},{"start":{"line":10,"column":23},"end":{"line":10,"column":35}},{"start":{"line":10,"column":40},"end":{"line":12,"column":1}}],"line":10},"14":{"loc":{"start":{"line":13,"column":16},"end":{"line":20,"column":1}},"type":"binary-expr","locations":[{"start":{"line":13,"column":17},"end":{"line":13,"column":21}},{"start":{"line":13,"column":25},"end":{"line":13,"column":39}},{"start":{"line":13,"column":44},"end":{"line":20,"column":1}}],"line":13},"15":{"loc":{"start":{"line":14,"column":16},"end":{"line":14,"column":34}},"type":"binary-expr","locations":[{"start":{"line":14,"column":16},"end":{"line":14,"column":17}},{"start":{"line":14,"column":22},"end":{"line":14,"column":33}}],"line":14},"16":{"loc":{"start":{"line":17,"column":32},"end":{"line":17,"column":148}},"type":"cond-expr","locations":[{"start":{"line":17,"column":46},"end":{"line":17,"column":67}},{"start":{"line":17,"column":70},"end":{"line":17,"column":148}}],"line":17},"17":{"loc":{"start":{"line":18,"column":51},"end":{"line":18,"column":67}},"type":"binary-expr","locations":[{"start":{"line":18,"column":51},"end":{"line":18,"column":61}},{"start":{"line":18,"column":65},"end":{"line":18,"column":67}}],"line":18}},"s":{"0":1,"1":1,"2":1,"3":1,"4":1,"5":0,"6":0,"7":0,"8":1,"9":1,"10":1,"11":1,"12":1,"13":1,"14":1,"15":1,"16":0,"17":0,"18":0,"19":0,"20":0,"21":0,"22":0,"23":0,"24":0,"25":0,"26":1,"27":0,"28":0,"29":0,"30":0,"31":0,"32":0,"33":0,"34":0,"35":0,"36":0,"37":0,"38":0,"39":0,"40":0,"41":0,"42":0,"43":0,"44":0,"45":0,"46":0,"47":0,"48":0,"49":0,"50":0,"51":1},"f":{"0":1,"1":1,"2":1,"3":1,"4":0,"5":0,"6":0,"7":0,"8":0,"9":0,"10":0,"11":0,"12":0,"13":0,"14":0,"15":0,"16":0,"17":0,"18":0},"b":{"0":[1,0,1],"1":[1,0],"2":[0,0],"3":[1,0],"4":[1,1],"5":[0,0],"6":[0,0],"7":[0,0],"8":[0,0],"9":[1,0,0],"10":[1,0,1],"11":[1,0],"12":[1,1],"13":[1,0,1],"14":[1,0,1],"15":[0,0],"16":[0,0],"17":[0,0]},"inputSourceMap":{"version":3,"file":"public_tenders.service.js","sourceRoot":"","sources":["public_tenders.service.ts"],"names":[],"mappings":";;;;;;;;;;;;;;;;;;;;AAAA,OAAO,EAAE,UAAU,EAAE,MAAM,EAAE,MAAM,gBAAgB,CAAC;AAEpD,OAAO,EAAE,UAAU,EAAE,MAAM,kCAAkC,CAAC;AAC9D,OAAO,EAAE,SAAS,EAAE,MAAM,gCAAgC,CAAC;AAG3D,IAAa,oBAAoB,GAAjC;IACE,YACsD,uBAA4C;QAA5C,4BAAuB,GAAvB,uBAAuB,CAAqB;IAC/F,CAAC;IAGE,OAAO;;YACX,OAAO,MAAM,IAAI,CAAC,uBAAuB,CAAC,OAAO,EAAgB,CAAC;QACpE,CAAC;KAAA;IAEK,OAAO,CAAC,IAAI;;YAChB,OAAO,MAAM,IAAI,CAAC,uBAAuB,CAAC,IAAI,CAAC,EAAC,OAAO,EAAE,CAAC,UAAU,CAAC,EAAE,KAAK,EAAE,EAAC,IAAI,EAAE,IAAI,EAAC,EAAC,CAAC,CAAC;QAC/F,CAAC;KAAA;IAEK,cAAc,CAAC,IAAI;;YACvB,IAAI,aAAa,GAAQ,MAAM,IAAI,CAAC,uBAAuB,CAAC,IAAI,CAAC;gBAC7D,KAAK,EAAE,EAAC,IAAI,EAAE,IAAI,EAAC;gBACnB,OAAO,EAAC;oBACN;wBACE,KAAK,EAAE,UAAU,EAAE,OAAO,EAAE,EAAC,UAAU,EAAE,EAAE,EAAC;wBAC5C,OAAO,EAAE;4BACP,EAAC,KAAK,EAAE,SAAS,EAAC;yBACnB;qBACF;iBAAC;aACH,CAAC,CAAC;YACH,IAAI,UAAU,GAAG,EAAE,CAAC;YACpB,KAAI,IAAI,UAAU,IAAI,aAAa,CAAC,WAAW,EAAE;gBAC/C,KAAI,IAAI,SAAS,IAAI,UAAU,CAAC,UAAU,EAAE;oBAC1C,UAAU,CAAC,IAAI,CAAC,SAAS,CAAC,CAAC;iBAC5B;aAEF;YACD,OAAO,UAAU,CAAC;QACxB,CAAC;KAAA;IAEK,4BAA4B,CAAC,IAAI,EAAE,MAAM;;YAC7C,IAAI,aAAa,GAAQ,MAAM,IAAI,CAAC,uBAAuB,CAAC,IAAI,CAAC;gBAC7D,KAAK,EAAE,EAAC,IAAI,EAAE,IAAI,EAAC;gBACnB,OAAO,EAAC;oBACN;wBACE,KAAK,EAAE,UAAU,EAAE,OAAO,EAAE,EAAC,UAAU,EAAE,EAAE,EAAC;wBAC5C,OAAO,EAAE;4BACP,EAAC,KAAK,EAAE,SAAS,EAAC;yBACnB;qBACF;iBAAC;aACH,CAAC,CAAC;YACH,IAAI,UAAU,GAAG,EAAE,CAAC;YACpB,KAAI,IAAI,UAAU,IAAI,aAAa,CAAC,WAAW,EAAE;gBAC/C,KAAI,IAAI,SAAS,IAAI,UAAU,CAAC,UAAU,EAAE;oBAC1C,UAAU,CAAC,IAAI,CAAC,SAAS,CAAC,CAAC;iBAC5B;aAEF;YACD,IAAI,IAAI,GAAG,MAAM,CAAC;YAClB,IAAI,QAAQ,GAAG,EAAE,CAAC;YAElB,IAAI,OAAO,GAAG,QAAQ,CAAC;YACvB,IAAI,MAAM,GAAG,CAAC,IAAI,GAAG,CAAC,CAAC,GAAG,OAAO,CAAC;YAClC,IAAI,cAAc,GAAG,UAAU,CAAC,KAAK,CAAC,MAAM,EAAE,MAAM,GAAG,OAAO,CAAC,CAAC;YAEhE,OAAO,cAAc,CAAC;QAC5B,CAAC;KAAA;CAEF,CAAA;AA/DY,oBAAoB;IADhC,UAAU,EAAE;IAGR,WAAA,MAAM,CAAC,yBAAyB,CAAC,CAAA;;GAFzB,oBAAoB,CA+DhC;SA/DY,oBAAoB","sourcesContent":["import { Injectable, Inject } from '@nestjs/common';\nimport { PublicTender } from './public_tender.entity';\nimport { Occupation } from '../occupations/occupation.entity';\nimport { Candidate } from '../candidates/candidate.entity';\n\n@Injectable()\nexport class PublicTendersService {\n  constructor(\n    @Inject('PublicTendersRepository') private readonly publicTendersRepository: typeof PublicTender,\n  ) {}\n\n\n  async findAll(): Promise<PublicTender[]> {\n    return await this.publicTendersRepository.findAll<PublicTender>();\n  }\n\n  async findOne(code): Promise<PublicTender> {\n    return await this.publicTendersRepository.find({include: [Occupation], where: {code: code}});\n  }\n\n  async findCandidates(code): Promise<String[]> {\n    var public_tender: any = await this.publicTendersRepository.find({\n        where: {code: code},\n        include:[\n          {\n            model: Occupation, through: {attributes: []},\n            include: [\n              {model: Candidate},\n            ]\n          }]\n        });\n        var candidates = [];\n        for(var occupation of public_tender.occupations) {\n          for(var candidate of occupation.candidates) {\n            candidates.push(candidate);\n          }\n\n        }\n        return candidates;\n  }\n\n  async findCandidatesWithPagination(code, number): Promise<String[]> {\n    var public_tender: any = await this.publicTendersRepository.find({\n        where: {code: code},\n        include:[\n          {\n            model: Occupation, through: {attributes: []},\n            include: [\n              {model: Candidate},\n            ]\n          }]\n        });\n        var candidates = [];\n        for(var occupation of public_tender.occupations) {\n          for(var candidate of occupation.candidates) {\n            candidates.push(candidate);\n          }\n\n        }\n        var page = number;\n        var numItems = 10;\n\n        var perPage = numItems;\n        var offset = (page - 1) * perPage;\n        var paginatedItems = candidates.slice(offset, offset + perPage);\n\n        return paginatedItems;\n  }\n\n}\n"]},"_coverageSchema":"332fd63041d2c1bcb487cc26dd0d5f7d97098a6c","hash":"c7818499c9c32c9d4635c97e05088368c1a931b3"}
,"/Users/derickhoganpimenta/Dropbox/Workspace/espm/espm-empregabilidade/src/public_tenders_occupations/public_tender_occupation.entity.ts": {"path":"/Users/derickhoganpimenta/Dropbox/Workspace/espm/espm-empregabilidade/src/public_tenders_occupations/public_tender_occupation.entity.ts","statementMap":{"0":{"start":{"line":1,"column":17},"end":{"line":6,"column":1}},"1":{"start":{"line":2,"column":12},"end":{"line":2,"column":28}},"2":{"start":{"line":2,"column":34},"end":{"line":2,"column":125}},"3":{"start":{"line":3,"column":4},"end":{"line":4,"column":150}},"4":{"start":{"line":3,"column":79},"end":{"line":3,"column":131}},"5":{"start":{"line":4,"column":9},"end":{"line":4,"column":150}},"6":{"start":{"line":4,"column":58},"end":{"line":4,"column":150}},"7":{"start":{"line":4,"column":81},"end":{"line":4,"column":150}},"8":{"start":{"line":5,"column":4},"end":{"line":5,"column":66}},"9":{"start":{"line":7,"column":17},"end":{"line":9,"column":1}},"10":{"start":{"line":8,"column":4},"end":{"line":8,"column":109}},"11":{"start":{"line":8,"column":79},"end":{"line":8,"column":109}},"12":{"start":{"line":13,"column":29},"end":{"line":14,"column":1}},"13":{"start":{"line":15,"column":0},"end":{"line":19,"column":65}},"14":{"start":{"line":16,"column":21},"end":{"line":16,"column":33}},"15":{"start":{"line":20,"column":0},"end":{"line":24,"column":62}},"16":{"start":{"line":21,"column":21},"end":{"line":21,"column":31}},"17":{"start":{"line":25,"column":0},"end":{"line":29,"column":27}}},"fnMap":{"0":{"name":"(anonymous_0)","decl":{"start":{"line":1,"column":46},"end":{"line":1,"column":47}},"loc":{"start":{"line":1,"column":87},"end":{"line":6,"column":1}},"line":1},"1":{"name":"(anonymous_1)","decl":{"start":{"line":7,"column":46},"end":{"line":7,"column":47}},"loc":{"start":{"line":7,"column":62},"end":{"line":9,"column":1}},"line":7},"2":{"name":"(anonymous_2)","decl":{"start":{"line":16,"column":15},"end":{"line":16,"column":16}},"loc":{"start":{"line":16,"column":21},"end":{"line":16,"column":33}},"line":16},"3":{"name":"(anonymous_3)","decl":{"start":{"line":21,"column":15},"end":{"line":21,"column":16}},"loc":{"start":{"line":21,"column":21},"end":{"line":21,"column":31}},"line":21}},"branchMap":{"0":{"loc":{"start":{"line":1,"column":17},"end":{"line":6,"column":1}},"type":"binary-expr","locations":[{"start":{"line":1,"column":18},"end":{"line":1,"column":22}},{"start":{"line":1,"column":26},"end":{"line":1,"column":41}},{"start":{"line":1,"column":46},"end":{"line":6,"column":1}}],"line":1},"1":{"loc":{"start":{"line":2,"column":34},"end":{"line":2,"column":125}},"type":"cond-expr","locations":[{"start":{"line":2,"column":42},"end":{"line":2,"column":48}},{"start":{"line":2,"column":51},"end":{"line":2,"column":125}}],"line":2},"2":{"loc":{"start":{"line":2,"column":51},"end":{"line":2,"column":125}},"type":"cond-expr","locations":[{"start":{"line":2,"column":67},"end":{"line":2,"column":118}},{"start":{"line":2,"column":121},"end":{"line":2,"column":125}}],"line":2},"3":{"loc":{"start":{"line":3,"column":4},"end":{"line":4,"column":150}},"type":"if","locations":[{"start":{"line":3,"column":4},"end":{"line":4,"column":150}},{"start":{"line":3,"column":4},"end":{"line":4,"column":150}}],"line":3},"4":{"loc":{"start":{"line":3,"column":8},"end":{"line":3,"column":77}},"type":"binary-expr","locations":[{"start":{"line":3,"column":8},"end":{"line":3,"column":35}},{"start":{"line":3,"column":39},"end":{"line":3,"column":77}}],"line":3},"5":{"loc":{"start":{"line":4,"column":58},"end":{"line":4,"column":150}},"type":"if","locations":[{"start":{"line":4,"column":58},"end":{"line":4,"column":150}},{"start":{"line":4,"column":58},"end":{"line":4,"column":150}}],"line":4},"6":{"loc":{"start":{"line":4,"column":85},"end":{"line":4,"column":149}},"type":"binary-expr","locations":[{"start":{"line":4,"column":86},"end":{"line":4,"column":143}},{"start":{"line":4,"column":148},"end":{"line":4,"column":149}}],"line":4},"7":{"loc":{"start":{"line":4,"column":86},"end":{"line":4,"column":143}},"type":"cond-expr","locations":[{"start":{"line":4,"column":94},"end":{"line":4,"column":98}},{"start":{"line":4,"column":101},"end":{"line":4,"column":143}}],"line":4},"8":{"loc":{"start":{"line":4,"column":101},"end":{"line":4,"column":143}},"type":"cond-expr","locations":[{"start":{"line":4,"column":109},"end":{"line":4,"column":126}},{"start":{"line":4,"column":129},"end":{"line":4,"column":143}}],"line":4},"9":{"loc":{"start":{"line":5,"column":11},"end":{"line":5,"column":62}},"type":"binary-expr","locations":[{"start":{"line":5,"column":11},"end":{"line":5,"column":16}},{"start":{"line":5,"column":20},"end":{"line":5,"column":21}},{"start":{"line":5,"column":25},"end":{"line":5,"column":62}}],"line":5},"10":{"loc":{"start":{"line":7,"column":17},"end":{"line":9,"column":1}},"type":"binary-expr","locations":[{"start":{"line":7,"column":18},"end":{"line":7,"column":22}},{"start":{"line":7,"column":26},"end":{"line":7,"column":41}},{"start":{"line":7,"column":46},"end":{"line":9,"column":1}}],"line":7},"11":{"loc":{"start":{"line":8,"column":4},"end":{"line":8,"column":109}},"type":"if","locations":[{"start":{"line":8,"column":4},"end":{"line":8,"column":109}},{"start":{"line":8,"column":4},"end":{"line":8,"column":109}}],"line":8},"12":{"loc":{"start":{"line":8,"column":8},"end":{"line":8,"column":77}},"type":"binary-expr","locations":[{"start":{"line":8,"column":8},"end":{"line":8,"column":35}},{"start":{"line":8,"column":39},"end":{"line":8,"column":77}}],"line":8}},"s":{"0":2,"1":6,"2":6,"3":6,"4":6,"5":0,"6":0,"7":0,"8":6,"9":2,"10":4,"11":4,"12":2,"13":2,"14":0,"15":2,"16":0,"17":2},"f":{"0":6,"1":4,"2":0,"3":0},"b":{"0":[2,0,2],"1":[2,4],"2":[0,4],"3":[6,0],"4":[6,6],"5":[0,0],"6":[0,0],"7":[0,0],"8":[0,0],"9":[6,4,0],"10":[2,0,2],"11":[4,0],"12":[4,4]},"inputSourceMap":{"version":3,"file":"public_tender_occupation.entity.js","sourceRoot":"","sources":["public_tender_occupation.entity.ts"],"names":[],"mappings":";;;;;;;;;AAAA,OAAO,EAAE,KAAK,EAAE,MAAM,EAAE,KAAK,EAAE,UAAU,EAAE,MAAM,sBAAsB,CAAC;AACxE,OAAO,EAAE,YAAY,EAAE,MAAM,wCAAwC,CAAC;AACtE,OAAO,EAAE,UAAU,EAAE,MAAM,kCAAkC,CAAC;AAQ9D,IAAa,sBAAsB,GAAnC,4BAAoC,SAAQ,KAA6B;CASxE,CAAA;AALC;IAFC,UAAU,CAAC,GAAG,EAAE,CAAC,YAAY,CAAC;IAC9B,MAAM;;gEACkB;AAIzB;IAFC,UAAU,CAAC,GAAG,EAAE,CAAC,UAAU,CAAC;IAC5B,MAAM;;6DACe;AARX,sBAAsB;IAJlC,KAAK,CAAC;QACL,SAAS,EAAE,4BAA4B;KACxC,CAAC;GAEW,sBAAsB,CASlC;SATY,sBAAsB","sourcesContent":["import { Table, Column, Model, ForeignKey } from 'sequelize-typescript';\nimport { PublicTender } from '../public_tenders/public_tender.entity';\nimport { Occupation } from '../occupations/occupation.entity';\n//import { CandidateOccupation } from '../candidates_occupations/candidate_occupation.entity';\n//import { CandidateOccupationPublicTender } from '../candidates_occupations_public_tenders/candidate_occupation_public_tender.entity';\n\n@Table({\n  tableName: \"public_tenders_occupations\"\n})\n\nexport class PublicTenderOccupation extends Model<PublicTenderOccupation> {\n\n  @ForeignKey(() => PublicTender)\n  @Column\n  public_tender_id: number;\n\n  @ForeignKey(() => Occupation)\n  @Column\n  occupation_id: number;\n}\n"]},"_coverageSchema":"332fd63041d2c1bcb487cc26dd0d5f7d97098a6c","hash":"94147c22bfd69d3053f2ff6a25e9defa86e3d004"}
}
