TN:
SF:/Users/derickhoganpimenta/Dropbox/Workspace/espm/espm-empregabilidade/src/app.controller.ts
FN:1,(anonymous_0)
FN:7,(anonymous_1)
FN:14,(anonymous_2)
FN:17,(anonymous_3)
FNF:4
FNH:4
FNDA:2,(anonymous_0)
FNDA:4,(anonymous_1)
FNDA:1,(anonymous_2)
FNDA:1,(anonymous_3)
DA:1,1
DA:2,2
DA:3,2
DA:4,0
DA:5,2
DA:7,1
DA:8,4
DA:13,1
DA:15,1
DA:18,1
DA:21,1
DA:27,1
LF:12
LH:11
BRDA:1,0,0,1
BRDA:1,0,1,0
BRDA:1,0,2,1
BRDA:2,1,0,1
BRDA:2,1,1,1
BRDA:2,2,0,1
BRDA:2,2,1,0
BRDA:3,3,0,2
BRDA:3,3,1,0
BRDA:3,4,0,2
BRDA:3,4,1,2
BRDA:4,5,0,0
BRDA:4,5,1,0
BRDA:4,6,0,0
BRDA:4,6,1,0
BRDA:4,7,0,0
BRDA:4,7,1,0
BRDA:4,8,0,0
BRDA:4,8,1,0
BRDA:5,9,0,2
BRDA:5,9,1,1
BRDA:5,9,2,1
BRDA:7,10,0,1
BRDA:7,10,1,0
BRDA:7,10,2,1
BRDA:8,11,0,4
BRDA:8,11,1,0
BRDA:8,12,0,4
BRDA:8,12,1,4
BRDA:29,13,0,1
BRDA:29,13,1,1
BRDA:29,13,2,0
BRDA:29,14,0,1
BRDA:29,14,1,1
BRF:34
BRH:20
end_of_record
TN:
SF:/Users/derickhoganpimenta/Dropbox/Workspace/espm/espm-empregabilidade/src/app.service.ts
FN:1,(anonymous_0)
FN:9,(anonymous_1)
FNF:2
FNH:2
FNDA:1,(anonymous_0)
FNDA:1,(anonymous_1)
DA:1,1
DA:2,1
DA:3,1
DA:4,0
DA:5,1
DA:8,1
DA:10,1
DA:13,1
LF:8
LH:7
BRDA:1,0,0,1
BRDA:1,0,1,0
BRDA:1,0,2,1
BRDA:2,1,0,1
BRDA:2,1,1,0
BRDA:2,2,0,0
BRDA:2,2,1,0
BRDA:3,3,0,1
BRDA:3,3,1,0
BRDA:3,4,0,1
BRDA:3,4,1,1
BRDA:4,5,0,0
BRDA:4,5,1,0
BRDA:4,6,0,0
BRDA:4,6,1,0
BRDA:4,7,0,0
BRDA:4,7,1,0
BRDA:4,8,0,0
BRDA:4,8,1,0
BRDA:5,9,0,1
BRDA:5,9,1,0
BRDA:5,9,2,0
BRF:22
BRH:7
end_of_record
TN:
SF:/Users/derickhoganpimenta/Dropbox/Workspace/espm/espm-empregabilidade/src/candidates/candidate.entity.ts
FN:1,(anonymous_0)
FN:7,(anonymous_1)
FN:17,(anonymous_2)
FN:17,(anonymous_3)
FNF:4
FNH:2
FNDA:10,(anonymous_0)
FNDA:8,(anonymous_1)
FNDA:0,(anonymous_2)
FNDA:0,(anonymous_3)
DA:1,2
DA:2,10
DA:3,10
DA:4,0
DA:5,10
DA:7,2
DA:8,8
DA:14,2
DA:16,2
DA:17,0
DA:20,2
DA:24,2
DA:28,2
DA:32,2
LF:14
LH:12
BRDA:1,0,0,2
BRDA:1,0,1,0
BRDA:1,0,2,2
BRDA:2,1,0,2
BRDA:2,1,1,8
BRDA:2,2,0,0
BRDA:2,2,1,8
BRDA:3,3,0,10
BRDA:3,3,1,0
BRDA:3,4,0,10
BRDA:3,4,1,10
BRDA:4,5,0,0
BRDA:4,5,1,0
BRDA:4,6,0,0
BRDA:4,6,1,0
BRDA:4,7,0,0
BRDA:4,7,1,0
BRDA:4,8,0,0
BRDA:4,8,1,0
BRDA:5,9,0,10
BRDA:5,9,1,8
BRDA:5,9,2,0
BRDA:7,10,0,2
BRDA:7,10,1,0
BRDA:7,10,2,2
BRDA:8,11,0,8
BRDA:8,11,1,0
BRDA:8,12,0,8
BRDA:8,12,1,8
BRDA:30,13,0,2
BRDA:30,13,1,2
BRDA:30,13,2,0
BRDA:30,14,0,2
BRDA:30,14,1,2
BRF:34
BRH:19
end_of_record
TN:
SF:/Users/derickhoganpimenta/Dropbox/Workspace/espm/espm-empregabilidade/src/candidates/candidates.controller.ts
FN:1,(anonymous_0)
FN:7,(anonymous_1)
FN:10,(anonymous_2)
FN:11,(anonymous_3)
FN:13,(anonymous_4)
FN:14,(anonymous_5)
FN:15,fulfilled
FN:16,rejected
FN:17,step
FN:17,(anonymous_9)
FN:25,(anonymous_10)
FN:28,(anonymous_11)
FN:29,(anonymous_12)
FN:33,(anonymous_13)
FN:34,(anonymous_14)
FN:38,(anonymous_15)
FN:39,(anonymous_16)
FN:43,(anonymous_17)
FN:44,(anonymous_18)
FNF:19
FNH:5
FNDA:5,(anonymous_0)
FNDA:13,(anonymous_1)
FNDA:3,(anonymous_2)
FNDA:3,(anonymous_3)
FNDA:0,(anonymous_4)
FNDA:0,(anonymous_5)
FNDA:0,fulfilled
FNDA:0,rejected
FNDA:0,step
FNDA:0,(anonymous_9)
FNDA:1,(anonymous_10)
FNDA:0,(anonymous_11)
FNDA:0,(anonymous_12)
FNDA:0,(anonymous_13)
FNDA:0,(anonymous_14)
FNDA:0,(anonymous_15)
FNDA:0,(anonymous_16)
FNDA:0,(anonymous_17)
FNDA:0,(anonymous_18)
DA:1,1
DA:2,5
DA:3,5
DA:4,0
DA:5,5
DA:7,1
DA:8,13
DA:10,1
DA:11,3
DA:13,1
DA:14,0
DA:15,0
DA:16,0
DA:17,0
DA:18,0
DA:24,1
DA:26,1
DA:29,0
DA:30,0
DA:34,0
DA:35,0
DA:39,0
DA:40,0
DA:44,0
DA:45,0
DA:49,1
DA:55,1
DA:62,1
DA:69,1
DA:76,1
LF:30
LH:16
BRDA:1,0,0,1
BRDA:1,0,1,0
BRDA:1,0,2,1
BRDA:2,1,0,1
BRDA:2,1,1,4
BRDA:2,2,0,4
BRDA:2,2,1,0
BRDA:3,3,0,5
BRDA:3,3,1,0
BRDA:3,4,0,5
BRDA:3,4,1,5
BRDA:4,5,0,0
BRDA:4,5,1,0
BRDA:4,6,0,0
BRDA:4,6,1,0
BRDA:4,7,0,0
BRDA:4,7,1,0
BRDA:4,8,0,0
BRDA:4,8,1,0
BRDA:5,9,0,5
BRDA:5,9,1,4
BRDA:5,9,2,4
BRDA:7,10,0,1
BRDA:7,10,1,0
BRDA:7,10,2,1
BRDA:8,11,0,13
BRDA:8,11,1,0
BRDA:8,12,0,13
BRDA:8,12,1,13
BRDA:10,13,0,1
BRDA:10,13,1,0
BRDA:10,13,2,1
BRDA:13,14,0,1
BRDA:13,14,1,0
BRDA:13,14,2,1
BRDA:14,15,0,0
BRDA:14,15,1,0
BRDA:17,16,0,0
BRDA:17,16,1,0
BRDA:18,17,0,0
BRDA:18,17,1,0
BRDA:53,18,0,1
BRDA:53,18,1,1
BRDA:53,18,2,0
BRDA:53,19,0,1
BRDA:53,19,1,1
BRDA:60,20,0,1
BRDA:60,20,1,1
BRDA:60,20,2,0
BRDA:60,21,0,1
BRDA:60,21,1,1
BRDA:67,22,0,1
BRDA:67,22,1,1
BRDA:67,22,2,0
BRDA:67,23,0,1
BRDA:67,23,1,1
BRDA:74,24,0,1
BRDA:74,24,1,1
BRDA:74,24,2,0
BRDA:74,25,0,1
BRDA:74,25,1,1
BRDA:78,26,0,1
BRDA:78,26,1,1
BRDA:78,26,2,0
BRDA:78,27,0,1
BRDA:78,27,1,1
BRF:66
BRH:40
end_of_record
TN:
SF:/Users/derickhoganpimenta/Dropbox/Workspace/espm/espm-empregabilidade/src/candidates/candidates.service.ts
FN:1,(anonymous_0)
FN:7,(anonymous_1)
FN:10,(anonymous_2)
FN:11,(anonymous_3)
FN:13,(anonymous_4)
FN:14,(anonymous_5)
FN:15,fulfilled
FN:16,rejected
FN:17,step
FN:17,(anonymous_9)
FN:25,(anonymous_10)
FN:28,(anonymous_11)
FN:29,(anonymous_12)
FN:33,(anonymous_13)
FN:34,(anonymous_14)
FN:38,(anonymous_15)
FN:39,(anonymous_16)
FN:60,(anonymous_17)
FN:61,(anonymous_18)
FNF:19
FNH:4
FNDA:1,(anonymous_0)
FNDA:1,(anonymous_1)
FNDA:1,(anonymous_2)
FNDA:1,(anonymous_3)
FNDA:0,(anonymous_4)
FNDA:0,(anonymous_5)
FNDA:0,fulfilled
FNDA:0,rejected
FNDA:0,step
FNDA:0,(anonymous_9)
FNDA:0,(anonymous_10)
FNDA:0,(anonymous_11)
FNDA:0,(anonymous_12)
FNDA:0,(anonymous_13)
FNDA:0,(anonymous_14)
FNDA:0,(anonymous_15)
FNDA:0,(anonymous_16)
FNDA:0,(anonymous_17)
FNDA:0,(anonymous_18)
DA:1,1
DA:2,1
DA:3,1
DA:4,0
DA:5,1
DA:7,1
DA:8,1
DA:10,1
DA:11,1
DA:13,1
DA:14,0
DA:15,0
DA:16,0
DA:17,0
DA:18,0
DA:24,1
DA:26,0
DA:29,0
DA:30,0
DA:34,0
DA:35,0
DA:39,0
DA:40,0
DA:51,0
DA:52,0
DA:53,0
DA:54,0
DA:57,0
DA:61,0
DA:62,0
DA:75,0
DA:76,0
DA:77,0
DA:78,0
DA:81,0
DA:82,0
DA:83,0
DA:84,0
DA:85,0
DA:86,0
DA:90,1
LF:41
LH:11
BRDA:1,0,0,1
BRDA:1,0,1,0
BRDA:1,0,2,1
BRDA:2,1,0,1
BRDA:2,1,1,0
BRDA:2,2,0,0
BRDA:2,2,1,0
BRDA:3,3,0,1
BRDA:3,3,1,0
BRDA:3,4,0,1
BRDA:3,4,1,1
BRDA:4,5,0,0
BRDA:4,5,1,0
BRDA:4,6,0,0
BRDA:4,6,1,0
BRDA:4,7,0,0
BRDA:4,7,1,0
BRDA:4,8,0,0
BRDA:4,8,1,0
BRDA:5,9,0,1
BRDA:5,9,1,0
BRDA:5,9,2,0
BRDA:7,10,0,1
BRDA:7,10,1,0
BRDA:7,10,2,1
BRDA:8,11,0,1
BRDA:8,11,1,0
BRDA:8,12,0,1
BRDA:8,12,1,1
BRDA:10,13,0,1
BRDA:10,13,1,0
BRDA:10,13,2,1
BRDA:13,14,0,1
BRDA:13,14,1,0
BRDA:13,14,2,1
BRDA:14,15,0,0
BRDA:14,15,1,0
BRDA:17,16,0,0
BRDA:17,16,1,0
BRDA:18,17,0,0
BRDA:18,17,1,0
BRF:41
BRH:16
end_of_record
TN:
SF:/Users/derickhoganpimenta/Dropbox/Workspace/espm/espm-empregabilidade/src/candidates_occupations/candidate_occupation.entity.ts
FN:1,(anonymous_0)
FN:7,(anonymous_1)
FN:16,(anonymous_2)
FN:21,(anonymous_3)
FNF:4
FNH:2
FNDA:6,(anonymous_0)
FNDA:4,(anonymous_1)
FNDA:0,(anonymous_2)
FNDA:0,(anonymous_3)
DA:1,2
DA:2,6
DA:3,6
DA:4,0
DA:5,6
DA:7,2
DA:8,4
DA:13,2
DA:15,2
DA:16,0
DA:20,2
DA:21,0
DA:25,2
LF:13
LH:10
BRDA:1,0,0,2
BRDA:1,0,1,0
BRDA:1,0,2,2
BRDA:2,1,0,2
BRDA:2,1,1,4
BRDA:2,2,0,0
BRDA:2,2,1,4
BRDA:3,3,0,6
BRDA:3,3,1,0
BRDA:3,4,0,6
BRDA:3,4,1,6
BRDA:4,5,0,0
BRDA:4,5,1,0
BRDA:4,6,0,0
BRDA:4,6,1,0
BRDA:4,7,0,0
BRDA:4,7,1,0
BRDA:4,8,0,0
BRDA:4,8,1,0
BRDA:5,9,0,6
BRDA:5,9,1,4
BRDA:5,9,2,0
BRDA:7,10,0,2
BRDA:7,10,1,0
BRDA:7,10,2,2
BRDA:8,11,0,4
BRDA:8,11,1,0
BRDA:8,12,0,4
BRDA:8,12,1,4
BRF:29
BRH:15
end_of_record
TN:
SF:/Users/derickhoganpimenta/Dropbox/Workspace/espm/espm-empregabilidade/src/occupations/occupation.entity.ts
FN:1,(anonymous_0)
FN:7,(anonymous_1)
FN:18,(anonymous_2)
FN:18,(anonymous_3)
FN:22,(anonymous_4)
FN:22,(anonymous_5)
FNF:6
FNH:2
FNDA:8,(anonymous_0)
FNDA:6,(anonymous_1)
FNDA:0,(anonymous_2)
FNDA:0,(anonymous_3)
FNDA:0,(anonymous_4)
FNDA:0,(anonymous_5)
DA:1,2
DA:2,8
DA:3,8
DA:4,0
DA:5,8
DA:7,2
DA:8,6
DA:15,2
DA:17,2
DA:18,0
DA:21,2
DA:22,0
DA:25,2
DA:29,2
LF:14
LH:11
BRDA:1,0,0,2
BRDA:1,0,1,0
BRDA:1,0,2,2
BRDA:2,1,0,2
BRDA:2,1,1,6
BRDA:2,2,0,0
BRDA:2,2,1,6
BRDA:3,3,0,8
BRDA:3,3,1,0
BRDA:3,4,0,8
BRDA:3,4,1,8
BRDA:4,5,0,0
BRDA:4,5,1,0
BRDA:4,6,0,0
BRDA:4,6,1,0
BRDA:4,7,0,0
BRDA:4,7,1,0
BRDA:4,8,0,0
BRDA:4,8,1,0
BRDA:5,9,0,8
BRDA:5,9,1,6
BRDA:5,9,2,0
BRDA:7,10,0,2
BRDA:7,10,1,0
BRDA:7,10,2,2
BRDA:8,11,0,6
BRDA:8,11,1,0
BRDA:8,12,0,6
BRDA:8,12,1,6
BRF:29
BRH:15
end_of_record
TN:
SF:/Users/derickhoganpimenta/Dropbox/Workspace/espm/espm-empregabilidade/src/public_tenders/public_tender.entity.ts
FN:1,(anonymous_0)
FN:7,(anonymous_1)
FN:16,(anonymous_2)
FN:16,(anonymous_3)
FNF:4
FNH:2
FNDA:10,(anonymous_0)
FNDA:8,(anonymous_1)
FNDA:0,(anonymous_2)
FNDA:0,(anonymous_3)
DA:1,2
DA:2,10
DA:3,10
DA:4,0
DA:5,10
DA:7,2
DA:8,8
DA:13,2
DA:15,2
DA:16,0
DA:19,2
DA:23,2
DA:27,2
DA:31,2
LF:14
LH:12
BRDA:1,0,0,2
BRDA:1,0,1,0
BRDA:1,0,2,2
BRDA:2,1,0,2
BRDA:2,1,1,8
BRDA:2,2,0,0
BRDA:2,2,1,8
BRDA:3,3,0,10
BRDA:3,3,1,0
BRDA:3,4,0,10
BRDA:3,4,1,10
BRDA:4,5,0,0
BRDA:4,5,1,0
BRDA:4,6,0,0
BRDA:4,6,1,0
BRDA:4,7,0,0
BRDA:4,7,1,0
BRDA:4,8,0,0
BRDA:4,8,1,0
BRDA:5,9,0,10
BRDA:5,9,1,8
BRDA:5,9,2,0
BRDA:7,10,0,2
BRDA:7,10,1,0
BRDA:7,10,2,2
BRDA:8,11,0,8
BRDA:8,11,1,0
BRDA:8,12,0,8
BRDA:8,12,1,8
BRF:29
BRH:15
end_of_record
TN:
SF:/Users/derickhoganpimenta/Dropbox/Workspace/espm/espm-empregabilidade/src/public_tenders/public_tenders.controller.ts
FN:1,(anonymous_0)
FN:7,(anonymous_1)
FN:10,(anonymous_2)
FN:11,(anonymous_3)
FN:13,(anonymous_4)
FN:14,(anonymous_5)
FN:15,fulfilled
FN:16,rejected
FN:17,step
FN:17,(anonymous_9)
FN:25,(anonymous_10)
FN:28,(anonymous_11)
FN:29,(anonymous_12)
FN:33,(anonymous_13)
FN:34,(anonymous_14)
FN:38,(anonymous_15)
FN:39,(anonymous_16)
FN:43,(anonymous_17)
FN:44,(anonymous_18)
FNF:19
FNH:5
FNDA:5,(anonymous_0)
FNDA:13,(anonymous_1)
FNDA:3,(anonymous_2)
FNDA:3,(anonymous_3)
FNDA:0,(anonymous_4)
FNDA:0,(anonymous_5)
FNDA:0,fulfilled
FNDA:0,rejected
FNDA:0,step
FNDA:0,(anonymous_9)
FNDA:1,(anonymous_10)
FNDA:0,(anonymous_11)
FNDA:0,(anonymous_12)
FNDA:0,(anonymous_13)
FNDA:0,(anonymous_14)
FNDA:0,(anonymous_15)
FNDA:0,(anonymous_16)
FNDA:0,(anonymous_17)
FNDA:0,(anonymous_18)
DA:1,1
DA:2,5
DA:3,5
DA:4,0
DA:5,5
DA:7,1
DA:8,13
DA:10,1
DA:11,3
DA:13,1
DA:14,0
DA:15,0
DA:16,0
DA:17,0
DA:18,0
DA:24,1
DA:26,1
DA:29,0
DA:30,0
DA:34,0
DA:35,0
DA:39,0
DA:40,0
DA:44,0
DA:45,0
DA:49,1
DA:55,1
DA:62,1
DA:69,1
DA:76,1
LF:30
LH:16
BRDA:1,0,0,1
BRDA:1,0,1,0
BRDA:1,0,2,1
BRDA:2,1,0,1
BRDA:2,1,1,4
BRDA:2,2,0,4
BRDA:2,2,1,0
BRDA:3,3,0,5
BRDA:3,3,1,0
BRDA:3,4,0,5
BRDA:3,4,1,5
BRDA:4,5,0,0
BRDA:4,5,1,0
BRDA:4,6,0,0
BRDA:4,6,1,0
BRDA:4,7,0,0
BRDA:4,7,1,0
BRDA:4,8,0,0
BRDA:4,8,1,0
BRDA:5,9,0,5
BRDA:5,9,1,4
BRDA:5,9,2,4
BRDA:7,10,0,1
BRDA:7,10,1,0
BRDA:7,10,2,1
BRDA:8,11,0,13
BRDA:8,11,1,0
BRDA:8,12,0,13
BRDA:8,12,1,13
BRDA:10,13,0,1
BRDA:10,13,1,0
BRDA:10,13,2,1
BRDA:13,14,0,1
BRDA:13,14,1,0
BRDA:13,14,2,1
BRDA:14,15,0,0
BRDA:14,15,1,0
BRDA:17,16,0,0
BRDA:17,16,1,0
BRDA:18,17,0,0
BRDA:18,17,1,0
BRDA:53,18,0,1
BRDA:53,18,1,1
BRDA:53,18,2,0
BRDA:53,19,0,1
BRDA:53,19,1,1
BRDA:60,20,0,1
BRDA:60,20,1,1
BRDA:60,20,2,0
BRDA:60,21,0,1
BRDA:60,21,1,1
BRDA:67,22,0,1
BRDA:67,22,1,1
BRDA:67,22,2,0
BRDA:67,23,0,1
BRDA:67,23,1,1
BRDA:74,24,0,1
BRDA:74,24,1,1
BRDA:74,24,2,0
BRDA:74,25,0,1
BRDA:74,25,1,1
BRDA:78,26,0,1
BRDA:78,26,1,1
BRDA:78,26,2,0
BRDA:78,27,0,1
BRDA:78,27,1,1
BRF:66
BRH:40
end_of_record
TN:
SF:/Users/derickhoganpimenta/Dropbox/Workspace/espm/espm-empregabilidade/src/public_tenders/public_tenders.service.ts
FN:1,(anonymous_0)
FN:7,(anonymous_1)
FN:10,(anonymous_2)
FN:11,(anonymous_3)
FN:13,(anonymous_4)
FN:14,(anonymous_5)
FN:15,fulfilled
FN:16,rejected
FN:17,step
FN:17,(anonymous_9)
FN:25,(anonymous_10)
FN:28,(anonymous_11)
FN:29,(anonymous_12)
FN:33,(anonymous_13)
FN:34,(anonymous_14)
FN:38,(anonymous_15)
FN:39,(anonymous_16)
FN:60,(anonymous_17)
FN:61,(anonymous_18)
FNF:19
FNH:4
FNDA:1,(anonymous_0)
FNDA:1,(anonymous_1)
FNDA:1,(anonymous_2)
FNDA:1,(anonymous_3)
FNDA:0,(anonymous_4)
FNDA:0,(anonymous_5)
FNDA:0,fulfilled
FNDA:0,rejected
FNDA:0,step
FNDA:0,(anonymous_9)
FNDA:0,(anonymous_10)
FNDA:0,(anonymous_11)
FNDA:0,(anonymous_12)
FNDA:0,(anonymous_13)
FNDA:0,(anonymous_14)
FNDA:0,(anonymous_15)
FNDA:0,(anonymous_16)
FNDA:0,(anonymous_17)
FNDA:0,(anonymous_18)
DA:1,1
DA:2,1
DA:3,1
DA:4,0
DA:5,1
DA:7,1
DA:8,1
DA:10,1
DA:11,1
DA:13,1
DA:14,0
DA:15,0
DA:16,0
DA:17,0
DA:18,0
DA:24,1
DA:26,0
DA:29,0
DA:30,0
DA:34,0
DA:35,0
DA:39,0
DA:40,0
DA:51,0
DA:52,0
DA:53,0
DA:54,0
DA:57,0
DA:61,0
DA:62,0
DA:73,0
DA:74,0
DA:75,0
DA:76,0
DA:79,0
DA:80,0
DA:81,0
DA:82,0
DA:83,0
DA:84,0
DA:88,1
LF:41
LH:11
BRDA:1,0,0,1
BRDA:1,0,1,0
BRDA:1,0,2,1
BRDA:2,1,0,1
BRDA:2,1,1,0
BRDA:2,2,0,0
BRDA:2,2,1,0
BRDA:3,3,0,1
BRDA:3,3,1,0
BRDA:3,4,0,1
BRDA:3,4,1,1
BRDA:4,5,0,0
BRDA:4,5,1,0
BRDA:4,6,0,0
BRDA:4,6,1,0
BRDA:4,7,0,0
BRDA:4,7,1,0
BRDA:4,8,0,0
BRDA:4,8,1,0
BRDA:5,9,0,1
BRDA:5,9,1,0
BRDA:5,9,2,0
BRDA:7,10,0,1
BRDA:7,10,1,0
BRDA:7,10,2,1
BRDA:8,11,0,1
BRDA:8,11,1,0
BRDA:8,12,0,1
BRDA:8,12,1,1
BRDA:10,13,0,1
BRDA:10,13,1,0
BRDA:10,13,2,1
BRDA:13,14,0,1
BRDA:13,14,1,0
BRDA:13,14,2,1
BRDA:14,15,0,0
BRDA:14,15,1,0
BRDA:17,16,0,0
BRDA:17,16,1,0
BRDA:18,17,0,0
BRDA:18,17,1,0
BRF:41
BRH:16
end_of_record
TN:
SF:/Users/derickhoganpimenta/Dropbox/Workspace/espm/espm-empregabilidade/src/public_tenders_occupations/public_tender_occupation.entity.ts
FN:1,(anonymous_0)
FN:7,(anonymous_1)
FN:16,(anonymous_2)
FN:21,(anonymous_3)
FNF:4
FNH:2
FNDA:6,(anonymous_0)
FNDA:4,(anonymous_1)
FNDA:0,(anonymous_2)
FNDA:0,(anonymous_3)
DA:1,2
DA:2,6
DA:3,6
DA:4,0
DA:5,6
DA:7,2
DA:8,4
DA:13,2
DA:15,2
DA:16,0
DA:20,2
DA:21,0
DA:25,2
LF:13
LH:10
BRDA:1,0,0,2
BRDA:1,0,1,0
BRDA:1,0,2,2
BRDA:2,1,0,2
BRDA:2,1,1,4
BRDA:2,2,0,0
BRDA:2,2,1,4
BRDA:3,3,0,6
BRDA:3,3,1,0
BRDA:3,4,0,6
BRDA:3,4,1,6
BRDA:4,5,0,0
BRDA:4,5,1,0
BRDA:4,6,0,0
BRDA:4,6,1,0
BRDA:4,7,0,0
BRDA:4,7,1,0
BRDA:4,8,0,0
BRDA:4,8,1,0
BRDA:5,9,0,6
BRDA:5,9,1,4
BRDA:5,9,2,0
BRDA:7,10,0,2
BRDA:7,10,1,0
BRDA:7,10,2,2
BRDA:8,11,0,4
BRDA:8,11,1,0
BRDA:8,12,0,4
BRDA:8,12,1,4
BRF:29
BRH:15
end_of_record
